<?xml version="1.0" encoding="UTF-8"?>
<!-- Generated by org.testng.reporters.JUnitXMLReporter -->
<testsuite ignored="0" hostname="DESKTOP-LEU7772" failures="1" tests="2" name="Default test" time="53.467" errors="0" timestamp="2022-12-22T20:52:13 IST">
  <testcase classname="io.cucumber.testng.AbstractTestNGCucumberTests" name="runScenario" time="25.102">
    <failure type="java.lang.AssertionError">
      <![CDATA[java.lang.AssertionError
at org.junit.Assert.fail(Assert.java:86)
at org.junit.Assert.assertTrue(Assert.java:41)
at org.junit.Assert.assertTrue(Assert.java:52)
at StepDefination.Steps.user_should_found_name_in_the_search_table(Steps.java:314)
at ✽.User should found Name in the Search Table(file:///C:/Users/admin/eclipse-workspace/cucumber/CucumberFramework/./Features/Customers.feature:43)
]]>
    </failure>
  </testcase> <!-- runScenario -->
  <testcase classname="io.cucumber.testng.AbstractTestNGCucumberTests" name="runScenario" time="26.698"/>
</testsuite> <!-- Default test -->
