-------------------------------------------------------------------------------
Test set: TestRunner.Runner
-------------------------------------------------------------------------------
Tests run: 2, Failures: 1, Errors: 0, Skipped: 0, Time elapsed: 50.167 s <<< FAILURE! - in TestRunner.Runner
TestRunner.Runner.runScenario["Search Customer By FirstName & LastName", "Customers"](1)  Time elapsed: 21.453 s  <<< FAILURE!
java.lang.AssertionError
	at org.junit.Assert.fail(Assert.java:86)
	at org.junit.Assert.assertTrue(Assert.java:41)
	at org.junit.Assert.assertTrue(Assert.java:52)
	at StepDefination.Steps.user_should_found_name_in_the_search_table(Steps.java:314)
	at âœ½.User should found Name in the Search Table(file:///C:/Users/admin/eclipse-workspace/cucumber/CucumberFramework/./Features/Customers.feature:43)

