<?xml version="1.0" encoding="UTF-8"?>
<testsuite xmlns:xsi="http://www.w3.org/2001/XMLSchema-instance" xsi:noNamespaceSchemaLocation="https://maven.apache.org/surefire/maven-surefire-plugin/xsd/surefire-test-report-3.0.xsd" version="3.0" name="TestRunner.Runner" time="30.12" tests="2" errors="0" skipped="0" failures="1">
  <properties>
[...]
</properties>
  <testcase name="runScenario[&quot;Search Customer By FirstName &amp; LastName&quot;, &quot;Customers&quot;](1)" classname="TestRunner.Runner" time="19.544">
    <failure message="Unable to find element with locator By.xpath: //table[@role=&apos;grid&apos;]//tbody/tr[1]/td[3]&#10;For documentation on this error, please visit: https://selenium.dev/exceptions/#no_such_element&#10;Build info: version: &apos;4.2.1&apos;, revision: &apos;ac4d0fdd4a&apos;&#10;System info: host: &apos;DESKTOP-LEU7772&apos;, ip: &apos;192.168.0.7&apos;, os.name: &apos;Windows 10&apos;, os.arch: &apos;amd64&apos;, os.version: &apos;10.0&apos;, java.version: &apos;17.0.5&apos;&#10;Driver info: driver.version: RemoteWebDriver" type="org.openqa.selenium.NoSuchElementException"><![CDATA[org.openqa.selenium.NoSuchElementException: 
Unable to find element with locator By.xpath: //table[@role='grid']//tbody/tr[1]/td[3]
For documentation on this error, please visit: https://selenium.dev/exceptions/#no_such_element
Build info: version: '4.2.1', revision: 'ac4d0fdd4a'
System info: host: 'DESKTOP-LEU7772', ip: '192.168.0.7', os.name: 'Windows 10', os.arch: 'amd64', os.version: '10.0', java.version: '17.0.5'
Driver info: driver.version: RemoteWebDriver
	at org.openqa.selenium.remote.ElementLocation$ElementFinder$2.findElement(ElementLocation.java:165)
	at org.openqa.selenium.remote.ElementLocation.findElement(ElementLocation.java:60)
	at org.openqa.selenium.remote.RemoteWebDriver.findElement(RemoteWebDriver.java:369)
	at org.openqa.selenium.remote.RemoteWebDriver.findElement(RemoteWebDriver.java:361)
	at PageObject.SearchCustomerPage.searchCustomerByName(SearchCustomerPage.java:96)
	at StepDefination.Steps.user_should_found_name_in_the_search_table(Steps.java:308)
	at ✽.User should found Name in the Search Table(file:///C:/Users/admin/eclipse-workspace/cucumber/CucumberFramework/./Features/Customers.feature:43)
]]></failure>
    <system-out><![CDATA[ sanity  setup1  executed 
[DEBUG] Removing resolution chrome=108 from cache (expired on Sun Dec 18 15:35:03 IST 2022)
[DEBUG] ex-0000000001 preparing request execution
[DEBUG] ex-0000000001 Cookie spec selected: strict
[DEBUG] ex-0000000001 Auth cache not set in the context
[DEBUG] ex-0000000001 target auth state: UNCHALLENGED
[DEBUG] ex-0000000001 proxy auth state: UNCHALLENGED
[DEBUG] ex-0000000001 acquiring connection with route {s}->https://raw.githubusercontent.com:443
[DEBUG] ex-0000000001 acquiring endpoint (3 MINUTES)
[DEBUG] ex-0000000001 endpoint lease request (3 MINUTES) [route: {s}->https://raw.githubusercontent.com:443][total available: 0; route allocated: 0 of 5; total allocated: 0 of 25]
[DEBUG] ex-0000000001 endpoint leased [route: {s}->https://raw.githubusercontent.com:443][total available: 0; route allocated: 1 of 5; total allocated: 1 of 25]
[DEBUG] ex-0000000001 acquired ep-0000000000
[DEBUG] ex-0000000001 acquired endpoint ep-0000000000
[DEBUG] ex-0000000001 opening connection {s}->https://raw.githubusercontent.com:443
[DEBUG] ep-0000000000 connecting endpoint (30 SECONDS)
[DEBUG] ep-0000000000 connecting endpoint to https://raw.githubusercontent.com:443 (30 SECONDS)
[DEBUG] http-outgoing-0 connecting to raw.githubusercontent.com/185.199.108.133:443
[DEBUG] Connecting socket to raw.githubusercontent.com/185.199.108.133:443 with timeout 30 SECONDS
[DEBUG] Enabled protocols: [TLSv1.3, TLSv1.2]
[DEBUG] Enabled cipher suites: [TLS_AES_256_GCM_SHA384, TLS_AES_128_GCM_SHA256, TLS_CHACHA20_POLY1305_SHA256, TLS_ECDHE_ECDSA_WITH_AES_256_GCM_SHA384, TLS_ECDHE_ECDSA_WITH_AES_128_GCM_SHA256, TLS_ECDHE_ECDSA_WITH_CHACHA20_POLY1305_SHA256, TLS_ECDHE_RSA_WITH_AES_256_GCM_SHA384, TLS_ECDHE_RSA_WITH_CHACHA20_POLY1305_SHA256, TLS_ECDHE_RSA_WITH_AES_128_GCM_SHA256, TLS_DHE_RSA_WITH_AES_256_GCM_SHA384, TLS_DHE_RSA_WITH_CHACHA20_POLY1305_SHA256, TLS_DHE_DSS_WITH_AES_256_GCM_SHA384, TLS_DHE_RSA_WITH_AES_128_GCM_SHA256, TLS_DHE_DSS_WITH_AES_128_GCM_SHA256, TLS_ECDHE_ECDSA_WITH_AES_256_CBC_SHA384, TLS_ECDHE_RSA_WITH_AES_256_CBC_SHA384, TLS_ECDHE_ECDSA_WITH_AES_128_CBC_SHA256, TLS_ECDHE_RSA_WITH_AES_128_CBC_SHA256, TLS_DHE_RSA_WITH_AES_256_CBC_SHA256, TLS_DHE_DSS_WITH_AES_256_CBC_SHA256, TLS_DHE_RSA_WITH_AES_128_CBC_SHA256, TLS_DHE_DSS_WITH_AES_128_CBC_SHA256, TLS_ECDH_ECDSA_WITH_AES_256_GCM_SHA384, TLS_ECDH_RSA_WITH_AES_256_GCM_SHA384, TLS_ECDH_ECDSA_WITH_AES_128_GCM_SHA256, TLS_ECDH_RSA_WITH_AES_128_GCM_SHA256, TLS_ECDH_ECDSA_WITH_AES_256_CBC_SHA384, TLS_ECDH_RSA_WITH_AES_256_CBC_SHA384, TLS_ECDH_ECDSA_WITH_AES_128_CBC_SHA256, TLS_ECDH_RSA_WITH_AES_128_CBC_SHA256, TLS_ECDHE_ECDSA_WITH_AES_256_CBC_SHA, TLS_ECDHE_RSA_WITH_AES_256_CBC_SHA, TLS_ECDHE_ECDSA_WITH_AES_128_CBC_SHA, TLS_ECDHE_RSA_WITH_AES_128_CBC_SHA, TLS_DHE_RSA_WITH_AES_256_CBC_SHA, TLS_DHE_DSS_WITH_AES_256_CBC_SHA, TLS_DHE_RSA_WITH_AES_128_CBC_SHA, TLS_DHE_DSS_WITH_AES_128_CBC_SHA, TLS_ECDH_ECDSA_WITH_AES_256_CBC_SHA, TLS_ECDH_RSA_WITH_AES_256_CBC_SHA, TLS_ECDH_ECDSA_WITH_AES_128_CBC_SHA, TLS_ECDH_RSA_WITH_AES_128_CBC_SHA, TLS_RSA_WITH_AES_256_GCM_SHA384, TLS_RSA_WITH_AES_128_GCM_SHA256, TLS_RSA_WITH_AES_256_CBC_SHA256, TLS_RSA_WITH_AES_128_CBC_SHA256, TLS_RSA_WITH_AES_256_CBC_SHA, TLS_RSA_WITH_AES_128_CBC_SHA, TLS_EMPTY_RENEGOTIATION_INFO_SCSV]
[DEBUG] Starting handshake
[DEBUG] Secure session established
[DEBUG]  negotiated protocol: TLSv1.3
[DEBUG]  negotiated cipher suite: TLS_AES_256_GCM_SHA384
[DEBUG]  peer principal: CN=*.github.io, O="GitHub, Inc.", L=San Francisco, ST=California, C=US
[DEBUG]  peer alternative names: [*.github.io, github.com, *.github.com, www.github.com, github.io, githubusercontent.com, *.githubusercontent.com]
[DEBUG]  issuer principal: CN=DigiCert TLS RSA SHA256 2020 CA1, O=DigiCert Inc, C=US
[DEBUG] http-outgoing-0 connection established 192.168.0.7:60731<->185.199.108.133:443
[DEBUG] ep-0000000000 connected http-outgoing-0
[DEBUG] ep-0000000000 endpoint connected
[DEBUG] ex-0000000001 executing GET /bonigarcia/webdrivermanager/master/src/main/resources/commands.properties HTTP/1.1
[DEBUG] ep-0000000000 start execution ex-0000000001
[DEBUG] ep-0000000000 executing exchange ex-0000000001 over http-outgoing-0
[DEBUG] http-outgoing-0 >> GET /bonigarcia/webdrivermanager/master/src/main/resources/commands.properties HTTP/1.1
[DEBUG] http-outgoing-0 >> user-agent: Apache-HttpClient/5.0
[DEBUG] http-outgoing-0 >> accept-encoding: gzip, deflate, br
[DEBUG] http-outgoing-0 >> cache-control: max-age=0
[DEBUG] http-outgoing-0 >> connection: keep-alive
[DEBUG] http-outgoing-0 >> Host: raw.githubusercontent.com
[DEBUG] http-outgoing-0 >> "GET /bonigarcia/webdrivermanager/master/src/main/resources/commands.properties HTTP/1.1[\r][\n]"
[DEBUG] http-outgoing-0 >> "user-agent: Apache-HttpClient/5.0[\r][\n]"
[DEBUG] http-outgoing-0 >> "accept-encoding: gzip, deflate, br[\r][\n]"
[DEBUG] http-outgoing-0 >> "cache-control: max-age=0[\r][\n]"
[DEBUG] http-outgoing-0 >> "connection: keep-alive[\r][\n]"
[DEBUG] http-outgoing-0 >> "Host: raw.githubusercontent.com[\r][\n]"
[DEBUG] http-outgoing-0 >> "[\r][\n]"
[DEBUG] http-outgoing-0 << "HTTP/1.1 200 OK[\r][\n]"
[DEBUG] http-outgoing-0 << "Connection: keep-alive[\r][\n]"
[DEBUG] http-outgoing-0 << "Content-Length: 723[\r][\n]"
[DEBUG] http-outgoing-0 << "Cache-Control: max-age=300[\r][\n]"
[DEBUG] http-outgoing-0 << "Content-Security-Policy: default-src 'none'; style-src 'unsafe-inline'; sandbox[\r][\n]"
[DEBUG] http-outgoing-0 << "Content-Type: text/plain; charset=utf-8[\r][\n]"
[DEBUG] http-outgoing-0 << "ETag: W/"e82b438271e9e8680c688b0b680efd0bdd22faa6d6f0a32fc1fd8accc486b67e"[\r][\n]"
[DEBUG] http-outgoing-0 << "Strict-Transport-Security: max-age=31536000[\r][\n]"
[DEBUG] http-outgoing-0 << "X-Content-Type-Options: nosniff[\r][\n]"
[DEBUG] http-outgoing-0 << "X-Frame-Options: deny[\r][\n]"
[DEBUG] http-outgoing-0 << "X-XSS-Protection: 1; mode=block[\r][\n]"
[DEBUG] http-outgoing-0 << "X-GitHub-Request-Id: 52FE:78AB:0314:1540:638E609D[\r][\n]"
[DEBUG] http-outgoing-0 << "Content-Encoding: gzip[\r][\n]"
[DEBUG] http-outgoing-0 << "Accept-Ranges: bytes[\r][\n]"
[DEBUG] http-outgoing-0 << "Date: Sun, 18 Dec 2022 10:20:37 GMT[\r][\n]"
[DEBUG] http-outgoing-0 << "Via: 1.1 varnish[\r][\n]"
[DEBUG] http-outgoing-0 << "X-Served-By: cache-bom4724-BOM[\r][\n]"
[DEBUG] http-outgoing-0 << "X-Cache: HIT[\r][\n]"
[DEBUG] http-outgoing-0 << "X-Cache-Hits: 1[\r][\n]"
[DEBUG] http-outgoing-0 << "X-Timer: S1671358837.255772,VS0,VE1[\r][\n]"
[DEBUG] http-outgoing-0 << "Vary: Authorization,Accept-Encoding,Origin[\r][\n]"
[DEBUG] http-outgoing-0 << "Access-Control-Allow-Origin: *[\r][\n]"
[DEBUG] http-outgoing-0 << "X-Fastly-Request-ID: f08dd6cf7c168d1895ab885c7e398a64f86a4fd6[\r][\n]"
[DEBUG] http-outgoing-0 << "Expires: Sun, 18 Dec 2022 10:25:37 GMT[\r][\n]"
[DEBUG] http-outgoing-0 << "Source-Age: 292[\r][\n]"
[DEBUG] http-outgoing-0 << "[\r][\n]"
[DEBUG] http-outgoing-0 << HTTP/1.1 200 OK
[DEBUG] http-outgoing-0 << Connection: keep-alive
[DEBUG] http-outgoing-0 << Content-Length: 723
[DEBUG] http-outgoing-0 << Cache-Control: max-age=300
[DEBUG] http-outgoing-0 << Content-Security-Policy: default-src 'none'; style-src 'unsafe-inline'; sandbox
[DEBUG] http-outgoing-0 << Content-Type: text/plain; charset=utf-8
[DEBUG] http-outgoing-0 << ETag: W/"e82b438271e9e8680c688b0b680efd0bdd22faa6d6f0a32fc1fd8accc486b67e"
[DEBUG] http-outgoing-0 << Strict-Transport-Security: max-age=31536000
[DEBUG] http-outgoing-0 << X-Content-Type-Options: nosniff
[DEBUG] http-outgoing-0 << X-Frame-Options: deny
[DEBUG] http-outgoing-0 << X-XSS-Protection: 1; mode=block
[DEBUG] http-outgoing-0 << X-GitHub-Request-Id: 52FE:78AB:0314:1540:638E609D
[DEBUG] http-outgoing-0 << Content-Encoding: gzip
[DEBUG] http-outgoing-0 << Accept-Ranges: bytes
[DEBUG] http-outgoing-0 << Date: Sun, 18 Dec 2022 10:20:37 GMT
[DEBUG] http-outgoing-0 << Via: 1.1 varnish
[DEBUG] http-outgoing-0 << X-Served-By: cache-bom4724-BOM
[DEBUG] http-outgoing-0 << X-Cache: HIT
[DEBUG] http-outgoing-0 << X-Cache-Hits: 1
[DEBUG] http-outgoing-0 << X-Timer: S1671358837.255772,VS0,VE1
[DEBUG] http-outgoing-0 << Vary: Authorization,Accept-Encoding,Origin
[DEBUG] http-outgoing-0 << Access-Control-Allow-Origin: *
[DEBUG] http-outgoing-0 << X-Fastly-Request-ID: f08dd6cf7c168d1895ab885c7e398a64f86a4fd6
[DEBUG] http-outgoing-0 << Expires: Sun, 18 Dec 2022 10:25:37 GMT
[DEBUG] http-outgoing-0 << Source-Age: 292
[DEBUG] ex-0000000001 connection can be kept alive for 3 MINUTES
[DEBUG] http-outgoing-0 << "[0x1f][0xffffff8b][0x8][0x0][0x0][0x0][0x0][0x0][0x0][0x3][0xffffffb5]V]o[0xffffffda]0[0x14]}[0xffffffe7]W\[0xffffff81]*[0xffffffb5][0x12][0x1f][[M[0xffffffd3]$[0x1e]hF[0xffffffbb]i [0x18][0xffffffb4][0xffffffdd]&[0xfffffff9][0xffffffc5]$7[0xffffffc1]R[0x12]#;[0xffffff94]v[0xffffffbf]~[0xffffffb6][0xfffffff3]1[0xffffff92][0xffffff9a][0xffffffc1][0x1a]x[0xffffffcb][0xffffffb5][0xffffffaf][0xffffffcf]9[0xffffffbe][0xfffffff7]8v[0xb][0x1c][0x1e]E4[0xfffffff6]$x4[0xffffffa1][0xb]*[0xffffffb1][0xffffffd1][0xffffff82][0xfffffffb]%[0xffffff93][0xffffffe0][0xffffffb3][0x10][0xffffffc1][0xffffffe5]qBY,!Y[0xffffffea] KM8,[0x10][0xfffffff0][0x19][0xffffffdd]u[0xffffff82][0x1e][0xffffffb0][0xffffffd8]L[0xffffffcb]%[0xffffff86][0xffffffa1][0xe][0xffffffb8][0xfffffff0]P[0xffffffe8]$[0xf][0x13]t[0x13]3[0xfffffff9][0xffffff84]B2[0xffffffae][0xffffffe6]|@[0xfffffff5][0x1d][0x8][0xffffffc4][0x18][0x16][0xffffff82]o[0xffffffa4][0xffffff9a]P[0xffffff94][0xffffffe7][0xffffffce]R[0xfffffff0][0x8][0xffffffdb]p[0xffffffcb][0x4][0xfffffffa][0xfffffffc][0xffffffb9][\r][0xffffff93][0x15][\n]"
[DEBUG] http-outgoing-0 << "[0xffffffda][0xffffff86][0xffffffa1][0x17][0xffffffa8]Q3[0xffffffcb][0xffffffd6][0xffffffd1][0xffffff85][0xffffffc6][0xfffffff7][0xffffff98][0xffffffef][0xffffffa3][0xffffffc0]8[0x1][0xffffffae]s[0x12][0x16][0x7] _d[0xffffff82][0xffffff91][0xffffff84][0xfffffff3][0x1f],[0xfffffff6][0x14]j[0x1b]F,^+[0xffffff98]1ua2[0xffffffbf]h([0xffffff8e][0xffffff94][0xffffffa2][0xffffff91]m[0xffffffa3][0xffffffeb][0xffffff9a][0xffffffb0][0xffffffbb]I[0x17]t[0xffffffdf][0xffffffbd][0xffffffef][0xffffffbb][0xffffff91][0xffffffd7]U[0xffffffbb][0xffffff82][0xffffff9e][0x3][0xffffff9b][0xffffff88][0xffffffb9][0xffffffa6]$[0xffffffa6][0xc][0xffffff9b][0xffffffa5][0xffffffe2][0xffffff83][0xffffff98]F[0xffffffd8]o[0xffffff9e]Mg[0xffffff93][0xffffffbb][0xffffffd9]`|[0xfffffffb]u4[0xffffff9c][0x7f]"}B[0xffffffce][0x8][0xffffffb9][0xffffffe3]<[0x8][0xffffff91][0xffffff90][0xffffff94][0xffffff82][0xffffff90][0xffffffc1]j[0x15]2WI[0xffffffe3]1![0x19][0xffffff91]BnB[0xffffff80][0x9]<f[0xffffffb5][0xffffffe8]=[0xffffffd1]p[0xffffffbd][[0xffffffcf][0xffffffe5][0x1b][0xfffffff4][0xffffff9c][0xffffffff][0xfffffffc][0xfffffff8][0xffffffe1][0xffffffe2][0xffffff94][0xffffffa2][0xffffffae][0xe][0x14]5[0xffffff9a]8[0xffffff83][0xffffffd1]`:[0xfffffffd]<[0xffffffb8][0x1f][0xffffff9c]R[0xffffffcf]u[0x7f]6[0xffffffbc][0xffffff83][0xffffffef][0xf][0xffffffc3][0xffffffd9]/[0xfffffff8][0xfffffff2][0xffffffcd]y s[0xffffffee]'[0x1b]*0g[0xffffffcb][0xffffffc8]nF7H][0xffffff83][0xffffff97]{[0xffffffb1]Q[0x5][\r][0xffffffb5]c[0xffffffb4][0xf][0x2][0xffffffb3][0xffffffb4][0xffffff93][0xe]C[0xffffffa7][0xffffffb3]kAD][0xffffff9d][0xffffffde][0xffffffdb][0xffffffda][0xffffff88][0xffffffec][0xffffffa5][0xffffffbc][0xffffff99][0xffffffd9][0xffffffba]t[0xffffffb5][0xffffffea]9[0xffffffea][0x10])[0xffffffb7][0xffffffca][0xffffff9e][0xfffffff2][0xffffffe2]d^N[0xffffffd8]FW[0x16][0xffffffcd][0xffffffdc]_[0x10][0xfffffff9]i|[0x1c][0xffffff93][0xffffff8e][0xfffffff9]o[0x16][0xffffff86]4'!$G[0xffffffdf]W[0xfffffff4]W*j[[0xfffffff3]xR[0xffffffae][0xffffffb6][0xc][0xffffffd0],; #[0xffffffa9][0xffffff92]5[0xffffffb5][0x7][0xffffff9c][0xffffffb5][0xffffffd0][0x7f][0xffffff90][0xffffffc7]jgs[0xfffffffc][0xffffffc2][0xb][0xffffffd9][0x0]t[0xffffff9e]^'Y[0xfffffffb][0xffffff9f][0xffffffb1][0xffffffd8]:[0xffffffbf][0xffffff8d][0xffffffa5][0xffffff9a][0xffffffad][0x7f]m[0x5]&[0xffffffaa][0xffffffa0]^[0xffffff9b][0xffffffcb][0x5]f[0xffffffae][0xffffffe0]RU[0xffffff82][0x10]MS9l[0xffffff91]4t[0xfffffffb][0xffffff8a]][0xffffffd6][0xfffffff4][0xffffff96][0xffffffa6][0xffffff9f]P[0xffffffce][0xffffffd5][0xffffffce][0xffffff93][0xffffffff][0xffffff97][0xffffffcc]p[0xfffffffd][0xfffffff3][0xffffffe8][0x1b][0xffffffcc][0xffffffa2][0xffffffd9]Q[0xffffffbe][0xffffffb2][0xffffffa3][0xffffffc7]m'[0xffffffdf][0xffffffe4][[0xfffffffb]^[0xffffffb0][0xffffff9a][0xffffffbe][0xffffffda][0xffffffda]_[0xffffffce][0xffffff80][0xffffffd2][0xffffffc1]7[0xffffffb7]][0xffffffc1]b[0xffffffee][0xffffffb5][0xffffffff]w[0xffffff83][0xffffffed][0xffffffa7];[0x15]<[0x10]4[0xffffff92][0xffffff84][0x18][\n]"
[DEBUG] http-outgoing-0 << "BB[0xffffffba][0xffffff8e]][0xffffffb5]jo[0xffffffb9]+"[0xffffffea][0xffffffb4][0xffffffff]h"[0xffffffea]\?5[0xffffffa9][0xffffffaf]k[0xffffffec][0xffffffff]P[0xffffffea][\n]"
[DEBUG] http-outgoing-0 << "w[0xffffffe1]K[0x13][0xffffffda][0xffffffec][0xffffff98][0xffffffe6]Y[0xfffffffd]h8m6[0xffffff9c]T[0xffffffc1][0xfffffff2][0xffffffa7][0xffffff91]z_[0xffffff95]o85p[0x1c][0x13][0xffffffe6][0xfffffff0]5[0xffffffee][0xfffffffc][0xffffff92][0xffffff96][0xffffffda][0xfffffff7][0xffffffcf][0xffffffb1][0x5][0x1d][0xffffffea]K[0xffffff9b]9[0xffffff8e][0xffffffad]e[0xfffffff7][0xffffff93][0xffffffa8]`[0xffffffda][0xffffffff][0x1a][0xffffffd2][0xffffff88][0xffffff85][0xfffffffd][0xfffffff2][0xffffff91]N[0xfffffff6]`[0xffffffdf]2[0xffffffcf][0xffffffae]E[0xffffff97][0xffffffc5][0xffffffa2][0xffffff9d][0xffffffef]'[0xffffff9d]mun.[0xffffffd3]f^[0xffffffc7][0xffffff82][0xffffffda][0xffffff82]9[0xfffffff5][0xffffffa9]`[0x5][0xffffffbc]4[0xffffffa1][0x1d]<M[0xffffffb5]A[0xffffffa7]3[[0xffffffc0][0x7f][0x0][0xffffffc1][0xffffffd0]$[0xffffff85][0x1d][\r][0x0][0x0]"
[DEBUG] ep-0000000000 releasing valid endpoint
[DEBUG] ep-0000000000 releasing endpoint
[DEBUG] ep-0000000000 connection http-outgoing-0 can be kept alive for 3 MINUTES
[DEBUG] ep-0000000000 connection released [route: {s}->https://raw.githubusercontent.com:443][total available: 1; route allocated: 1 of 5; total allocated: 1 of 25]
[DEBUG] Detecting chrome version using online commands.properties
[DEBUG] Running command on the shell: [cmd.exe, /C, wmic, datafile, where, name="%PROGRAMFILES:\=\\%\\Google\\Chrome\\Application\\chrome.exe", get, Version, /value]
[DEBUG] Result: Version=108.0.5359.125
[DEBUG] Resolution chrome108=108.0.5359.71 in cache (valid until 14:35:03 19/12/2022 IST)
[INFO] Using chromedriver 108.0.5359.71 (resolved driver for Chrome 108)
[DEBUG] Storing resolution chrome=108 in cache (valid until 16:50:37 18/12/2022 IST)
[DEBUG] Driver chromedriver 108.0.5359.71 found in cache
[INFO] Exporting webdriver.chrome.driver as C:\Users\admin\.cache\selenium\chromedriver\win32\108.0.5359.71\chromedriver.exe
[DEBUG] Using SLF4J as the default logging framework
[DEBUG] -Dio.netty.leakDetection.level: simple
[DEBUG] -Dio.netty.leakDetection.targetRecords: 4
[DEBUG] Loaded default ResourceLeakDetector: io.netty.util.ResourceLeakDetector@56637cff
[DEBUG] -Dio.netty.noUnsafe: false
[DEBUG] Java version: 17
[DEBUG] sun.misc.Unsafe.theUnsafe: available
[DEBUG] sun.misc.Unsafe.copyMemory: available
[DEBUG] sun.misc.Unsafe.storeFence: available
[DEBUG] java.nio.Buffer.address: available
[DEBUG] direct buffer constructor: unavailable: Reflective setAccessible(true) disabled
[DEBUG] java.nio.Bits.unaligned: available, true
[DEBUG] jdk.internal.misc.Unsafe.allocateUninitializedArray(int): unavailable: class io.netty.util.internal.PlatformDependent0$7 cannot access class jdk.internal.misc.Unsafe (in module java.base) because module java.base does not export jdk.internal.misc to unnamed module @3e9b1010
[DEBUG] java.nio.DirectByteBuffer.<init>(long, int): unavailable
[DEBUG] sun.misc.Unsafe: available
[DEBUG] maxDirectMemory: 3745513472 bytes (maybe)
[DEBUG] -Dio.netty.tmpdir: C:\Users\admin\AppData\Local\Temp (java.io.tmpdir)
[DEBUG] -Dio.netty.bitMode: 64 (sun.arch.data.model)
[DEBUG] Platform: Windows
[DEBUG] -Dio.netty.maxDirectMemory: -1 bytes
[DEBUG] -Dio.netty.uninitializedArrayAllocationThreshold: -1
[DEBUG] java.nio.ByteBuffer.cleaner(): available
[DEBUG] -Dio.netty.noPreferDirect: false
[DEBUG] org.jctools-core.MpscChunkedArrayQueue: available
[DEBUG] -Dio.netty.threadLocalMap.stringBuilder.initialSize: 1024
[DEBUG] -Dio.netty.threadLocalMap.stringBuilder.maxSize: 4096
[DEBUG] Default protocols (JDK): [TLSv1.3, TLSv1.2] 
[DEBUG] Default cipher suites (JDK): [TLS_ECDHE_ECDSA_WITH_AES_256_GCM_SHA384, TLS_ECDHE_ECDSA_WITH_AES_128_GCM_SHA256, TLS_ECDHE_RSA_WITH_AES_128_GCM_SHA256, TLS_ECDHE_RSA_WITH_AES_256_GCM_SHA384, TLS_ECDHE_RSA_WITH_AES_128_CBC_SHA, TLS_ECDHE_RSA_WITH_AES_256_CBC_SHA, TLS_RSA_WITH_AES_128_GCM_SHA256, TLS_RSA_WITH_AES_128_CBC_SHA, TLS_RSA_WITH_AES_256_CBC_SHA, TLS_AES_128_GCM_SHA256, TLS_AES_256_GCM_SHA384]
[DEBUG] -Dio.netty.eventLoopThreads: 16
[DEBUG] -Dio.netty.noKeySetOptimization: false
[DEBUG] -Dio.netty.selectorAutoRebuildThreshold: 512
[DEBUG] -Dio.netty.allocator.numHeapArenas: 16
[DEBUG] -Dio.netty.allocator.numDirectArenas: 16
[DEBUG] -Dio.netty.allocator.pageSize: 8192
[DEBUG] -Dio.netty.allocator.maxOrder: 9
[DEBUG] -Dio.netty.allocator.chunkSize: 4194304
[DEBUG] -Dio.netty.allocator.smallCacheSize: 256
[DEBUG] -Dio.netty.allocator.normalCacheSize: 64
[DEBUG] -Dio.netty.allocator.maxCachedBufferCapacity: 32768
[DEBUG] -Dio.netty.allocator.cacheTrimInterval: 8192
[DEBUG] -Dio.netty.allocator.cacheTrimIntervalMillis: 0
[DEBUG] -Dio.netty.allocator.useCacheForAllThreads: false
[DEBUG] -Dio.netty.allocator.maxCachedByteBuffersPerChunk: 1023
[DEBUG] -Dio.netty.allocator.type: pooled
[DEBUG] -Dio.netty.threadLocalDirectBufferSize: 0
[DEBUG] -Dio.netty.maxThreadLocalCharBufferSize: 16384
[DEBUG] -Dio.netty.processId: 8300 (auto-detected)
[DEBUG] -Djava.net.preferIPv4Stack: false
[DEBUG] -Djava.net.preferIPv6Addresses: false
[DEBUG] Loopback interface: lo (Software Loopback Interface 1, 127.0.0.1)
[DEBUG] Failed to get SOMAXCONN from sysctl and file \proc\sys\net\core\somaxconn. Default: 200
[DEBUG] -Dio.netty.machineId: d0:37:45:ff:fe:e6:3f:17 (auto-detected)
[DEBUG] -Dio.netty.buffer.checkAccessible: true
[DEBUG] -Dio.netty.buffer.checkBounds: true
[DEBUG] Loaded default ResourceLeakDetector: io.netty.util.ResourceLeakDetector@54e41cf2
[DEBUG] Using new Channel '[id: 0x7648e076, L:/127.0.0.1:60738 - R:localhost/127.0.0.1:53077]' for 'POST' to '/session'
[DEBUG] -Dio.netty.recycler.maxCapacityPerThread: 4096
[DEBUG] -Dio.netty.recycler.ratio: 8
[DEBUG] -Dio.netty.recycler.chunkSize: 32
[DEBUG] -Dio.netty.recycler.blocking: false
[DEBUG] brotli4j not in the classpath; Brotli support will be unavailable.
[DEBUG] 

Request DefaultHttpRequest(decodeResult: success, version: HTTP/1.1)
POST /session HTTP/1.1
User-Agent: selenium/4.2.1 (java windows)
Content-Length: 365
Content-Type: application/json; charset=utf-8
host: localhost:53077
accept: */*

Response DefaultHttpResponse(decodeResult: success, version: HTTP/1.1)
HTTP/1.1 200 OK
Content-Type: application/json; charset=utf-8
cache-control: no-cache
content-length: 791

[DEBUG] Adding key: http://localhost:53077 for channel [id: 0x7648e076, L:/127.0.0.1:60738 - R:localhost/127.0.0.1:53077]
[DEBUG] Using new Channel '[id: 0x22803cf4, L:/127.0.0.1:60745 - R:localhost/127.0.0.1:60739]' for 'GET' to '/json/version'
[DEBUG] 

Request DefaultFullHttpRequest(decodeResult: success, version: HTTP/1.1, content: EmptyByteBufBE)
GET /json/version HTTP/1.1
User-Agent: selenium/4.2.1 (java windows)
host: localhost:60739
accept: */*

Response DefaultHttpResponse(decodeResult: success, version: HTTP/1.1)
HTTP/1.1 200 OK
Content-Type: application/json; charset=UTF-8
content-length: 424

[DEBUG] Adding key: http://localhost:60739 for channel [id: 0x22803cf4, L:/127.0.0.1:60745 - R:localhost/127.0.0.1:60739]
[DEBUG] -Dio.netty.initialSeedUniquifier: 0x5849337436decde6
[DEBUG] Using new Channel '[id: 0x21b4badc, L:/127.0.0.1:60746 - R:localhost/127.0.0.1:60739]' for 'GET' to '/devtools/browser/0e3a15b1-8fa7-4a06-8f31-1813ba04b1b1'
[DEBUG] 

Request DefaultFullHttpRequest(decodeResult: success, version: HTTP/1.1, content: EmptyByteBufBE)
GET /devtools/browser/0e3a15b1-8fa7-4a06-8f31-1813ba04b1b1 HTTP/1.1
upgrade: websocket
connection: upgrade
sec-websocket-key: M0U+FRvEtB8/fG3HjWisww==
sec-websocket-version: 13
origin: http://localhost:60739
host: localhost:60739
accept: */*
user-agent: AHC/2.1

Response DefaultHttpResponse(decodeResult: success, version: HTTP/1.1)
HTTP/1.1 101 WebSocket Protocol Handshake
Upgrade: WebSocket
Connection: Upgrade
Sec-WebSocket-Accept: bTBQKFGbFzBseRbi1HKmkUP2wvg=

[DEBUG] Using pooled Channel '[id: 0x7648e076, L:/127.0.0.1:60738 - R:localhost/127.0.0.1:53077]' for 'POST' to 'http://localhost:53077/session/67c1e4ea5c4201c13afc6e88f21aaec3/timeouts'
[DEBUG] Using open Channel [id: 0x7648e076, L:/127.0.0.1:60738 - R:localhost/127.0.0.1:53077] for POST '/session/67c1e4ea5c4201c13afc6e88f21aaec3/timeouts'
[DEBUG] 

Request DefaultHttpRequest(decodeResult: success, version: HTTP/1.1)
POST /session/67c1e4ea5c4201c13afc6e88f21aaec3/timeouts HTTP/1.1
User-Agent: selenium/4.2.1 (java windows)
Content-Length: 22
Content-Type: application/json; charset=utf-8
host: localhost:53077
accept: */*

Response DefaultHttpResponse(decodeResult: success, version: HTTP/1.1)
HTTP/1.1 200 OK
Content-Type: application/json; charset=utf-8
cache-control: no-cache
content-length: 14

[DEBUG] Adding key: http://localhost:53077 for channel [id: 0x7648e076, L:/127.0.0.1:60738 - R:localhost/127.0.0.1:53077]
[INFO ] 2022-12-18 15:50:39.541 [main] Steps - *******************Setup1 executed**************************
[DEBUG] Using pooled Channel '[id: 0x7648e076, L:/127.0.0.1:60738 - R:localhost/127.0.0.1:53077]' for 'POST' to 'http://localhost:53077/session/67c1e4ea5c4201c13afc6e88f21aaec3/url'
[DEBUG] Using open Channel [id: 0x7648e076, L:/127.0.0.1:60738 - R:localhost/127.0.0.1:53077] for POST '/session/67c1e4ea5c4201c13afc6e88f21aaec3/url'
[DEBUG] Entry count for : http://localhost:60739 : 1
[DEBUG] Entry count for : http://localhost:60739 : 1
[DEBUG] 

Request DefaultHttpRequest(decodeResult: success, version: HTTP/1.1)
POST /session/67c1e4ea5c4201c13afc6e88f21aaec3/url HTTP/1.1
User-Agent: selenium/4.2.1 (java windows)
Content-Length: 70
Content-Type: application/json; charset=utf-8
host: localhost:53077
accept: */*

Response DefaultHttpResponse(decodeResult: success, version: HTTP/1.1)
HTTP/1.1 200 OK
Content-Type: application/json; charset=utf-8
cache-control: no-cache
content-length: 14

[DEBUG] Adding key: http://localhost:53077 for channel [id: 0x7648e076, L:/127.0.0.1:60738 - R:localhost/127.0.0.1:53077]
[INFO ] 2022-12-18 15:50:40.854 [main] Steps - Url opened
[DEBUG] Using pooled Channel '[id: 0x7648e076, L:/127.0.0.1:60738 - R:localhost/127.0.0.1:53077]' for 'POST' to 'http://localhost:53077/session/67c1e4ea5c4201c13afc6e88f21aaec3/element'
[DEBUG] Using open Channel [id: 0x7648e076, L:/127.0.0.1:60738 - R:localhost/127.0.0.1:53077] for POST '/session/67c1e4ea5c4201c13afc6e88f21aaec3/element'
[DEBUG] 

Request DefaultHttpRequest(decodeResult: success, version: HTTP/1.1)
POST /session/67c1e4ea5c4201c13afc6e88f21aaec3/element HTTP/1.1
User-Agent: selenium/4.2.1 (java windows)
Content-Length: 50
Content-Type: application/json; charset=utf-8
host: localhost:53077
accept: */*

Response DefaultHttpResponse(decodeResult: success, version: HTTP/1.1)
HTTP/1.1 200 OK
Content-Type: application/json; charset=utf-8
cache-control: no-cache
content-length: 88

[DEBUG] Adding key: http://localhost:53077 for channel [id: 0x7648e076, L:/127.0.0.1:60738 - R:localhost/127.0.0.1:53077]
[DEBUG] Using pooled Channel '[id: 0x7648e076, L:/127.0.0.1:60738 - R:localhost/127.0.0.1:53077]' for 'POST' to 'http://localhost:53077/session/67c1e4ea5c4201c13afc6e88f21aaec3/element/ff773df1-594f-416d-90b6-f94126268b2b/clear'
[DEBUG] Using open Channel [id: 0x7648e076, L:/127.0.0.1:60738 - R:localhost/127.0.0.1:53077] for POST '/session/67c1e4ea5c4201c13afc6e88f21aaec3/element/ff773df1-594f-416d-90b6-f94126268b2b/clear'
[DEBUG] 

Request DefaultHttpRequest(decodeResult: success, version: HTTP/1.1)
POST /session/67c1e4ea5c4201c13afc6e88f21aaec3/element/ff773df1-594f-416d-90b6-f94126268b2b/clear HTTP/1.1
User-Agent: selenium/4.2.1 (java windows)
Content-Length: 50
Content-Type: application/json; charset=utf-8
host: localhost:53077
accept: */*

Response DefaultHttpResponse(decodeResult: success, version: HTTP/1.1)
HTTP/1.1 200 OK
Content-Type: application/json; charset=utf-8
cache-control: no-cache
content-length: 14

[DEBUG] Adding key: http://localhost:53077 for channel [id: 0x7648e076, L:/127.0.0.1:60738 - R:localhost/127.0.0.1:53077]
[DEBUG] Using pooled Channel '[id: 0x7648e076, L:/127.0.0.1:60738 - R:localhost/127.0.0.1:53077]' for 'POST' to 'http://localhost:53077/session/67c1e4ea5c4201c13afc6e88f21aaec3/element'
[DEBUG] Using open Channel [id: 0x7648e076, L:/127.0.0.1:60738 - R:localhost/127.0.0.1:53077] for POST '/session/67c1e4ea5c4201c13afc6e88f21aaec3/element'
[DEBUG] 

Request DefaultHttpRequest(decodeResult: success, version: HTTP/1.1)
POST /session/67c1e4ea5c4201c13afc6e88f21aaec3/element HTTP/1.1
User-Agent: selenium/4.2.1 (java windows)
Content-Length: 50
Content-Type: application/json; charset=utf-8
host: localhost:53077
accept: */*

Response DefaultHttpResponse(decodeResult: success, version: HTTP/1.1)
HTTP/1.1 200 OK
Content-Type: application/json; charset=utf-8
cache-control: no-cache
content-length: 88

[DEBUG] Adding key: http://localhost:53077 for channel [id: 0x7648e076, L:/127.0.0.1:60738 - R:localhost/127.0.0.1:53077]
[DEBUG] Using pooled Channel '[id: 0x7648e076, L:/127.0.0.1:60738 - R:localhost/127.0.0.1:53077]' for 'POST' to 'http://localhost:53077/session/67c1e4ea5c4201c13afc6e88f21aaec3/element/ff773df1-594f-416d-90b6-f94126268b2b/value'
[DEBUG] Using open Channel [id: 0x7648e076, L:/127.0.0.1:60738 - R:localhost/127.0.0.1:53077] for POST '/session/67c1e4ea5c4201c13afc6e88f21aaec3/element/ff773df1-594f-416d-90b6-f94126268b2b/value'
[DEBUG] 

Request DefaultHttpRequest(decodeResult: success, version: HTTP/1.1)
POST /session/67c1e4ea5c4201c13afc6e88f21aaec3/element/ff773df1-594f-416d-90b6-f94126268b2b/value HTTP/1.1
User-Agent: selenium/4.2.1 (java windows)
Content-Length: 271
Content-Type: application/json; charset=utf-8
host: localhost:53077
accept: */*

Response DefaultHttpResponse(decodeResult: success, version: HTTP/1.1)
HTTP/1.1 200 OK
Content-Type: application/json; charset=utf-8
cache-control: no-cache
content-length: 14

[DEBUG] Adding key: http://localhost:53077 for channel [id: 0x7648e076, L:/127.0.0.1:60738 - R:localhost/127.0.0.1:53077]
[DEBUG] Using pooled Channel '[id: 0x7648e076, L:/127.0.0.1:60738 - R:localhost/127.0.0.1:53077]' for 'POST' to 'http://localhost:53077/session/67c1e4ea5c4201c13afc6e88f21aaec3/element'
[DEBUG] Using open Channel [id: 0x7648e076, L:/127.0.0.1:60738 - R:localhost/127.0.0.1:53077] for POST '/session/67c1e4ea5c4201c13afc6e88f21aaec3/element'
[DEBUG] 

Request DefaultHttpRequest(decodeResult: success, version: HTTP/1.1)
POST /session/67c1e4ea5c4201c13afc6e88f21aaec3/element HTTP/1.1
User-Agent: selenium/4.2.1 (java windows)
Content-Length: 53
Content-Type: application/json; charset=utf-8
host: localhost:53077
accept: */*

Response DefaultHttpResponse(decodeResult: success, version: HTTP/1.1)
HTTP/1.1 200 OK
Content-Type: application/json; charset=utf-8
cache-control: no-cache
content-length: 88

[DEBUG] Adding key: http://localhost:53077 for channel [id: 0x7648e076, L:/127.0.0.1:60738 - R:localhost/127.0.0.1:53077]
[DEBUG] Using pooled Channel '[id: 0x7648e076, L:/127.0.0.1:60738 - R:localhost/127.0.0.1:53077]' for 'POST' to 'http://localhost:53077/session/67c1e4ea5c4201c13afc6e88f21aaec3/element/9fa7eb3b-5330-4e56-bc2d-d751d95edbae/clear'
[DEBUG] Using open Channel [id: 0x7648e076, L:/127.0.0.1:60738 - R:localhost/127.0.0.1:53077] for POST '/session/67c1e4ea5c4201c13afc6e88f21aaec3/element/9fa7eb3b-5330-4e56-bc2d-d751d95edbae/clear'
[DEBUG] 

Request DefaultHttpRequest(decodeResult: success, version: HTTP/1.1)
POST /session/67c1e4ea5c4201c13afc6e88f21aaec3/element/9fa7eb3b-5330-4e56-bc2d-d751d95edbae/clear HTTP/1.1
User-Agent: selenium/4.2.1 (java windows)
Content-Length: 50
Content-Type: application/json; charset=utf-8
host: localhost:53077
accept: */*

Response DefaultHttpResponse(decodeResult: success, version: HTTP/1.1)
HTTP/1.1 200 OK
Content-Type: application/json; charset=utf-8
cache-control: no-cache
content-length: 14

[DEBUG] Adding key: http://localhost:53077 for channel [id: 0x7648e076, L:/127.0.0.1:60738 - R:localhost/127.0.0.1:53077]
[DEBUG] Using pooled Channel '[id: 0x7648e076, L:/127.0.0.1:60738 - R:localhost/127.0.0.1:53077]' for 'POST' to 'http://localhost:53077/session/67c1e4ea5c4201c13afc6e88f21aaec3/element'
[DEBUG] Using open Channel [id: 0x7648e076, L:/127.0.0.1:60738 - R:localhost/127.0.0.1:53077] for POST '/session/67c1e4ea5c4201c13afc6e88f21aaec3/element'
[DEBUG] 

Request DefaultHttpRequest(decodeResult: success, version: HTTP/1.1)
POST /session/67c1e4ea5c4201c13afc6e88f21aaec3/element HTTP/1.1
User-Agent: selenium/4.2.1 (java windows)
Content-Length: 53
Content-Type: application/json; charset=utf-8
host: localhost:53077
accept: */*

Response DefaultHttpResponse(decodeResult: success, version: HTTP/1.1)
HTTP/1.1 200 OK
Content-Type: application/json; charset=utf-8
cache-control: no-cache
content-length: 88

[DEBUG] Adding key: http://localhost:53077 for channel [id: 0x7648e076, L:/127.0.0.1:60738 - R:localhost/127.0.0.1:53077]
[DEBUG] Using pooled Channel '[id: 0x7648e076, L:/127.0.0.1:60738 - R:localhost/127.0.0.1:53077]' for 'POST' to 'http://localhost:53077/session/67c1e4ea5c4201c13afc6e88f21aaec3/element/9fa7eb3b-5330-4e56-bc2d-d751d95edbae/value'
[DEBUG] Using open Channel [id: 0x7648e076, L:/127.0.0.1:60738 - R:localhost/127.0.0.1:53077] for POST '/session/67c1e4ea5c4201c13afc6e88f21aaec3/element/9fa7eb3b-5330-4e56-bc2d-d751d95edbae/value'
[DEBUG] 

Request DefaultHttpRequest(decodeResult: success, version: HTTP/1.1)
POST /session/67c1e4ea5c4201c13afc6e88f21aaec3/element/9fa7eb3b-5330-4e56-bc2d-d751d95edbae/value HTTP/1.1
User-Agent: selenium/4.2.1 (java windows)
Content-Length: 131
Content-Type: application/json; charset=utf-8
host: localhost:53077
accept: */*

Response DefaultHttpResponse(decodeResult: success, version: HTTP/1.1)
HTTP/1.1 200 OK
Content-Type: application/json; charset=utf-8
cache-control: no-cache
content-length: 14

[DEBUG] Adding key: http://localhost:53077 for channel [id: 0x7648e076, L:/127.0.0.1:60738 - R:localhost/127.0.0.1:53077]
[INFO ] 2022-12-18 15:50:41.025 [main] Steps - email & password entered
[DEBUG] Using pooled Channel '[id: 0x7648e076, L:/127.0.0.1:60738 - R:localhost/127.0.0.1:53077]' for 'POST' to 'http://localhost:53077/session/67c1e4ea5c4201c13afc6e88f21aaec3/element'
[DEBUG] Using open Channel [id: 0x7648e076, L:/127.0.0.1:60738 - R:localhost/127.0.0.1:53077] for POST '/session/67c1e4ea5c4201c13afc6e88f21aaec3/element'
[DEBUG] 

Request DefaultHttpRequest(decodeResult: success, version: HTTP/1.1)
POST /session/67c1e4ea5c4201c13afc6e88f21aaec3/element HTTP/1.1
User-Agent: selenium/4.2.1 (java windows)
Content-Length: 87
Content-Type: application/json; charset=utf-8
host: localhost:53077
accept: */*

Response DefaultHttpResponse(decodeResult: success, version: HTTP/1.1)
HTTP/1.1 200 OK
Content-Type: application/json; charset=utf-8
cache-control: no-cache
content-length: 88

[DEBUG] Adding key: http://localhost:53077 for channel [id: 0x7648e076, L:/127.0.0.1:60738 - R:localhost/127.0.0.1:53077]
[DEBUG] Using pooled Channel '[id: 0x7648e076, L:/127.0.0.1:60738 - R:localhost/127.0.0.1:53077]' for 'POST' to 'http://localhost:53077/session/67c1e4ea5c4201c13afc6e88f21aaec3/element/a4ab4ada-887f-4399-8165-514dc0b2a713/click'
[DEBUG] Using open Channel [id: 0x7648e076, L:/127.0.0.1:60738 - R:localhost/127.0.0.1:53077] for POST '/session/67c1e4ea5c4201c13afc6e88f21aaec3/element/a4ab4ada-887f-4399-8165-514dc0b2a713/click'
[DEBUG] Entry count for : http://localhost:60739 : 1
[DEBUG] Entry count for : http://localhost:60739 : 1
[DEBUG] Entry count for : http://localhost:60739 : 1
[DEBUG] 

Request DefaultHttpRequest(decodeResult: success, version: HTTP/1.1)
POST /session/67c1e4ea5c4201c13afc6e88f21aaec3/element/a4ab4ada-887f-4399-8165-514dc0b2a713/click HTTP/1.1
User-Agent: selenium/4.2.1 (java windows)
Content-Length: 50
Content-Type: application/json; charset=utf-8
host: localhost:53077
accept: */*

Response DefaultHttpResponse(decodeResult: success, version: HTTP/1.1)
HTTP/1.1 200 OK
Content-Type: application/json; charset=utf-8
cache-control: no-cache
content-length: 14

[DEBUG] Adding key: http://localhost:53077 for channel [id: 0x7648e076, L:/127.0.0.1:60738 - R:localhost/127.0.0.1:53077]
[INFO ] 2022-12-18 15:50:44.895 [main] Steps - clciked on login button
[DEBUG] Using pooled Channel '[id: 0x7648e076, L:/127.0.0.1:60738 - R:localhost/127.0.0.1:53077]' for 'GET' to 'http://localhost:53077/session/67c1e4ea5c4201c13afc6e88f21aaec3/title'
[DEBUG] Using open Channel [id: 0x7648e076, L:/127.0.0.1:60738 - R:localhost/127.0.0.1:53077] for GET '/session/67c1e4ea5c4201c13afc6e88f21aaec3/title'
[DEBUG] 

Request DefaultFullHttpRequest(decodeResult: success, version: HTTP/1.1, content: EmptyByteBufBE)
GET /session/67c1e4ea5c4201c13afc6e88f21aaec3/title HTTP/1.1
User-Agent: selenium/4.2.1 (java windows)
Cache-Control: no-cache
Content-Type: application/json; charset=utf-8
host: localhost:53077
accept: */*

Response DefaultHttpResponse(decodeResult: success, version: HTTP/1.1)
HTTP/1.1 200 OK
Content-Type: application/json; charset=utf-8
cache-control: no-cache
content-length: 50

[DEBUG] Adding key: http://localhost:53077 for channel [id: 0x7648e076, L:/127.0.0.1:60738 - R:localhost/127.0.0.1:53077]
[DEBUG] Using pooled Channel '[id: 0x7648e076, L:/127.0.0.1:60738 - R:localhost/127.0.0.1:53077]' for 'POST' to 'http://localhost:53077/session/67c1e4ea5c4201c13afc6e88f21aaec3/element'
[DEBUG] Using open Channel [id: 0x7648e076, L:/127.0.0.1:60738 - R:localhost/127.0.0.1:53077] for POST '/session/67c1e4ea5c4201c13afc6e88f21aaec3/element'
[DEBUG] 

Request DefaultHttpRequest(decodeResult: success, version: HTTP/1.1)
POST /session/67c1e4ea5c4201c13afc6e88f21aaec3/element HTTP/1.1
User-Agent: selenium/4.2.1 (java windows)
Content-Length: 104
Content-Type: application/json; charset=utf-8
host: localhost:53077
accept: */*

Response DefaultHttpResponse(decodeResult: success, version: HTTP/1.1)
HTTP/1.1 200 OK
Content-Type: application/json; charset=utf-8
cache-control: no-cache
content-length: 88

[DEBUG] Adding key: http://localhost:53077 for channel [id: 0x7648e076, L:/127.0.0.1:60738 - R:localhost/127.0.0.1:53077]
[DEBUG] Using pooled Channel '[id: 0x7648e076, L:/127.0.0.1:60738 - R:localhost/127.0.0.1:53077]' for 'POST' to 'http://localhost:53077/session/67c1e4ea5c4201c13afc6e88f21aaec3/element/3000642b-b98c-4a15-8365-0ad65bfecd64/click'
[DEBUG] Using open Channel [id: 0x7648e076, L:/127.0.0.1:60738 - R:localhost/127.0.0.1:53077] for POST '/session/67c1e4ea5c4201c13afc6e88f21aaec3/element/3000642b-b98c-4a15-8365-0ad65bfecd64/click'
[DEBUG] 

Request DefaultHttpRequest(decodeResult: success, version: HTTP/1.1)
POST /session/67c1e4ea5c4201c13afc6e88f21aaec3/element/3000642b-b98c-4a15-8365-0ad65bfecd64/click HTTP/1.1
User-Agent: selenium/4.2.1 (java windows)
Content-Length: 50
Content-Type: application/json; charset=utf-8
host: localhost:53077
accept: */*

Response DefaultHttpResponse(decodeResult: success, version: HTTP/1.1)
HTTP/1.1 200 OK
Content-Type: application/json; charset=utf-8
cache-control: no-cache
content-length: 14

[DEBUG] Adding key: http://localhost:53077 for channel [id: 0x7648e076, L:/127.0.0.1:60738 - R:localhost/127.0.0.1:53077]
[DEBUG] Entry count for : http://localhost:60739 : 1
[DEBUG] Entry count for : http://localhost:53077 : 1
[DEBUG] Entry count for : http://localhost:60739 : 1
[DEBUG] Entry count for : http://localhost:53077 : 1
[DEBUG] Using pooled Channel '[id: 0x7648e076, L:/127.0.0.1:60738 - R:localhost/127.0.0.1:53077]' for 'POST' to 'http://localhost:53077/session/67c1e4ea5c4201c13afc6e88f21aaec3/element'
[DEBUG] Using open Channel [id: 0x7648e076, L:/127.0.0.1:60738 - R:localhost/127.0.0.1:53077] for POST '/session/67c1e4ea5c4201c13afc6e88f21aaec3/element'
[DEBUG] 

Request DefaultHttpRequest(decodeResult: success, version: HTTP/1.1)
POST /session/67c1e4ea5c4201c13afc6e88f21aaec3/element HTTP/1.1
User-Agent: selenium/4.2.1 (java windows)
Content-Length: 138
Content-Type: application/json; charset=utf-8
host: localhost:53077
accept: */*

Response DefaultHttpResponse(decodeResult: success, version: HTTP/1.1)
HTTP/1.1 200 OK
Content-Type: application/json; charset=utf-8
cache-control: no-cache
content-length: 88

[DEBUG] Adding key: http://localhost:53077 for channel [id: 0x7648e076, L:/127.0.0.1:60738 - R:localhost/127.0.0.1:53077]
[DEBUG] Using pooled Channel '[id: 0x7648e076, L:/127.0.0.1:60738 - R:localhost/127.0.0.1:53077]' for 'POST' to 'http://localhost:53077/session/67c1e4ea5c4201c13afc6e88f21aaec3/element/8b0dbe65-4b98-49ec-a2f7-a374537571b1/click'
[DEBUG] Using open Channel [id: 0x7648e076, L:/127.0.0.1:60738 - R:localhost/127.0.0.1:53077] for POST '/session/67c1e4ea5c4201c13afc6e88f21aaec3/element/8b0dbe65-4b98-49ec-a2f7-a374537571b1/click'
[DEBUG] Entry count for : http://localhost:60739 : 1
[DEBUG] 

Request DefaultHttpRequest(decodeResult: success, version: HTTP/1.1)
POST /session/67c1e4ea5c4201c13afc6e88f21aaec3/element/8b0dbe65-4b98-49ec-a2f7-a374537571b1/click HTTP/1.1
User-Agent: selenium/4.2.1 (java windows)
Content-Length: 50
Content-Type: application/json; charset=utf-8
host: localhost:53077
accept: */*

Response DefaultHttpResponse(decodeResult: success, version: HTTP/1.1)
HTTP/1.1 200 OK
Content-Type: application/json; charset=utf-8
cache-control: no-cache
content-length: 14

[DEBUG] Adding key: http://localhost:53077 for channel [id: 0x7648e076, L:/127.0.0.1:60738 - R:localhost/127.0.0.1:53077]
[DEBUG] Entry count for : http://localhost:60739 : 1
[DEBUG] Entry count for : http://localhost:53077 : 1
[DEBUG] Entry count for : http://localhost:60739 : 1
[DEBUG] Entry count for : http://localhost:53077 : 1
[DEBUG] Using pooled Channel '[id: 0x7648e076, L:/127.0.0.1:60738 - R:localhost/127.0.0.1:53077]' for 'POST' to 'http://localhost:53077/session/67c1e4ea5c4201c13afc6e88f21aaec3/element'
[DEBUG] Using open Channel [id: 0x7648e076, L:/127.0.0.1:60738 - R:localhost/127.0.0.1:53077] for POST '/session/67c1e4ea5c4201c13afc6e88f21aaec3/element'
[DEBUG] 

Request DefaultHttpRequest(decodeResult: success, version: HTTP/1.1)
POST /session/67c1e4ea5c4201c13afc6e88f21aaec3/element HTTP/1.1
User-Agent: selenium/4.2.1 (java windows)
Content-Length: 60
Content-Type: application/json; charset=utf-8
host: localhost:53077
accept: */*

Response DefaultHttpResponse(decodeResult: success, version: HTTP/1.1)
HTTP/1.1 200 OK
Content-Type: application/json; charset=utf-8
cache-control: no-cache
content-length: 88

[DEBUG] Adding key: http://localhost:53077 for channel [id: 0x7648e076, L:/127.0.0.1:60738 - R:localhost/127.0.0.1:53077]
[DEBUG] Using pooled Channel '[id: 0x7648e076, L:/127.0.0.1:60738 - R:localhost/127.0.0.1:53077]' for 'POST' to 'http://localhost:53077/session/67c1e4ea5c4201c13afc6e88f21aaec3/element/931dd860-0d2b-4db6-9a6a-2c486a2daaa0/value'
[DEBUG] Using open Channel [id: 0x7648e076, L:/127.0.0.1:60738 - R:localhost/127.0.0.1:53077] for POST '/session/67c1e4ea5c4201c13afc6e88f21aaec3/element/931dd860-0d2b-4db6-9a6a-2c486a2daaa0/value'
[DEBUG] 

Request DefaultHttpRequest(decodeResult: success, version: HTTP/1.1)
POST /session/67c1e4ea5c4201c13afc6e88f21aaec3/element/931dd860-0d2b-4db6-9a6a-2c486a2daaa0/value HTTP/1.1
User-Agent: selenium/4.2.1 (java windows)
Content-Length: 171
Content-Type: application/json; charset=utf-8
host: localhost:53077
accept: */*

Response DefaultHttpResponse(decodeResult: success, version: HTTP/1.1)
HTTP/1.1 200 OK
Content-Type: application/json; charset=utf-8
cache-control: no-cache
content-length: 14

[DEBUG] Adding key: http://localhost:53077 for channel [id: 0x7648e076, L:/127.0.0.1:60738 - R:localhost/127.0.0.1:53077]
[DEBUG] Using pooled Channel '[id: 0x7648e076, L:/127.0.0.1:60738 - R:localhost/127.0.0.1:53077]' for 'POST' to 'http://localhost:53077/session/67c1e4ea5c4201c13afc6e88f21aaec3/element'
[DEBUG] Using open Channel [id: 0x7648e076, L:/127.0.0.1:60738 - R:localhost/127.0.0.1:53077] for POST '/session/67c1e4ea5c4201c13afc6e88f21aaec3/element'
[DEBUG] 

Request DefaultHttpRequest(decodeResult: success, version: HTTP/1.1)
POST /session/67c1e4ea5c4201c13afc6e88f21aaec3/element HTTP/1.1
User-Agent: selenium/4.2.1 (java windows)
Content-Length: 59
Content-Type: application/json; charset=utf-8
host: localhost:53077
accept: */*

Response DefaultHttpResponse(decodeResult: success, version: HTTP/1.1)
HTTP/1.1 200 OK
Content-Type: application/json; charset=utf-8
cache-control: no-cache
content-length: 88

[DEBUG] Adding key: http://localhost:53077 for channel [id: 0x7648e076, L:/127.0.0.1:60738 - R:localhost/127.0.0.1:53077]
[DEBUG] Using pooled Channel '[id: 0x7648e076, L:/127.0.0.1:60738 - R:localhost/127.0.0.1:53077]' for 'POST' to 'http://localhost:53077/session/67c1e4ea5c4201c13afc6e88f21aaec3/element/cbfe7410-b34c-46ca-95b9-242e31d40860/value'
[DEBUG] Using open Channel [id: 0x7648e076, L:/127.0.0.1:60738 - R:localhost/127.0.0.1:53077] for POST '/session/67c1e4ea5c4201c13afc6e88f21aaec3/element/cbfe7410-b34c-46ca-95b9-242e31d40860/value'
[DEBUG] 

Request DefaultHttpRequest(decodeResult: success, version: HTTP/1.1)
POST /session/67c1e4ea5c4201c13afc6e88f21aaec3/element/cbfe7410-b34c-46ca-95b9-242e31d40860/value HTTP/1.1
User-Agent: selenium/4.2.1 (java windows)
Content-Length: 141
Content-Type: application/json; charset=utf-8
host: localhost:53077
accept: */*

Response DefaultHttpResponse(decodeResult: success, version: HTTP/1.1)
HTTP/1.1 200 OK
Content-Type: application/json; charset=utf-8
cache-control: no-cache
content-length: 14

[DEBUG] Adding key: http://localhost:53077 for channel [id: 0x7648e076, L:/127.0.0.1:60738 - R:localhost/127.0.0.1:53077]
[DEBUG] Using pooled Channel '[id: 0x7648e076, L:/127.0.0.1:60738 - R:localhost/127.0.0.1:53077]' for 'POST' to 'http://localhost:53077/session/67c1e4ea5c4201c13afc6e88f21aaec3/element'
[DEBUG] Using open Channel [id: 0x7648e076, L:/127.0.0.1:60738 - R:localhost/127.0.0.1:53077] for POST '/session/67c1e4ea5c4201c13afc6e88f21aaec3/element'
[DEBUG] 

Request DefaultHttpRequest(decodeResult: success, version: HTTP/1.1)
POST /session/67c1e4ea5c4201c13afc6e88f21aaec3/element HTTP/1.1
User-Agent: selenium/4.2.1 (java windows)
Content-Length: 63
Content-Type: application/json; charset=utf-8
host: localhost:53077
accept: */*

Response DefaultHttpResponse(decodeResult: success, version: HTTP/1.1)
HTTP/1.1 200 OK
Content-Type: application/json; charset=utf-8
cache-control: no-cache
content-length: 88

[DEBUG] Adding key: http://localhost:53077 for channel [id: 0x7648e076, L:/127.0.0.1:60738 - R:localhost/127.0.0.1:53077]
[DEBUG] Using pooled Channel '[id: 0x7648e076, L:/127.0.0.1:60738 - R:localhost/127.0.0.1:53077]' for 'POST' to 'http://localhost:53077/session/67c1e4ea5c4201c13afc6e88f21aaec3/element/7bebd390-dde0-4a78-bb53-5c845b875bf1/click'
[DEBUG] Using open Channel [id: 0x7648e076, L:/127.0.0.1:60738 - R:localhost/127.0.0.1:53077] for POST '/session/67c1e4ea5c4201c13afc6e88f21aaec3/element/7bebd390-dde0-4a78-bb53-5c845b875bf1/click'
[DEBUG] 

Request DefaultHttpRequest(decodeResult: success, version: HTTP/1.1)
POST /session/67c1e4ea5c4201c13afc6e88f21aaec3/element/7bebd390-dde0-4a78-bb53-5c845b875bf1/click HTTP/1.1
User-Agent: selenium/4.2.1 (java windows)
Content-Length: 50
Content-Type: application/json; charset=utf-8
host: localhost:53077
accept: */*

Response DefaultHttpResponse(decodeResult: success, version: HTTP/1.1)
HTTP/1.1 200 OK
Content-Type: application/json; charset=utf-8
cache-control: no-cache
content-length: 14

[DEBUG] Adding key: http://localhost:53077 for channel [id: 0x7648e076, L:/127.0.0.1:60738 - R:localhost/127.0.0.1:53077]
[DEBUG] Entry count for : http://localhost:60739 : 1
[DEBUG] Entry count for : http://localhost:53077 : 1
[DEBUG] Entry count for : http://localhost:60739 : 1
[DEBUG] Entry count for : http://localhost:53077 : 1
[DEBUG] Using pooled Channel '[id: 0x7648e076, L:/127.0.0.1:60738 - R:localhost/127.0.0.1:53077]' for 'POST' to 'http://localhost:53077/session/67c1e4ea5c4201c13afc6e88f21aaec3/elements'
[DEBUG] Using open Channel [id: 0x7648e076, L:/127.0.0.1:60738 - R:localhost/127.0.0.1:53077] for POST '/session/67c1e4ea5c4201c13afc6e88f21aaec3/elements'
[DEBUG] 

Request DefaultHttpRequest(decodeResult: success, version: HTTP/1.1)
POST /session/67c1e4ea5c4201c13afc6e88f21aaec3/elements HTTP/1.1
User-Agent: selenium/4.2.1 (java windows)
Content-Length: 93
Content-Type: application/json; charset=utf-8
host: localhost:53077
accept: */*

Response DefaultHttpResponse(decodeResult: success, version: HTTP/1.1)
HTTP/1.1 200 OK
Content-Type: application/json; charset=utf-8
cache-control: no-cache
content-length: 90

[DEBUG] Adding key: http://localhost:53077 for channel [id: 0x7648e076, L:/127.0.0.1:60738 - R:localhost/127.0.0.1:53077]
[DEBUG] Using pooled Channel '[id: 0x7648e076, L:/127.0.0.1:60738 - R:localhost/127.0.0.1:53077]' for 'POST' to 'http://localhost:53077/session/67c1e4ea5c4201c13afc6e88f21aaec3/element'
[DEBUG] Using open Channel [id: 0x7648e076, L:/127.0.0.1:60738 - R:localhost/127.0.0.1:53077] for POST '/session/67c1e4ea5c4201c13afc6e88f21aaec3/element'
[DEBUG] Entry count for : http://localhost:60739 : 1
[DEBUG] Entry count for : http://localhost:60739 : 1
[DEBUG] Entry count for : http://localhost:60739 : 1
[DEBUG] 

Request DefaultHttpRequest(decodeResult: success, version: HTTP/1.1)
POST /session/67c1e4ea5c4201c13afc6e88f21aaec3/element HTTP/1.1
User-Agent: selenium/4.2.1 (java windows)
Content-Length: 107
Content-Type: application/json; charset=utf-8
host: localhost:53077
accept: */*

Response DefaultHttpResponse(decodeResult: success, version: HTTP/1.1)
HTTP/1.1 200 OK
Content-Type: application/json; charset=utf-8
cache-control: no-cache
content-length: 14

[DEBUG] Adding key: http://localhost:53077 for channel [id: 0x7648e076, L:/127.0.0.1:60738 - R:localhost/127.0.0.1:53077]
[DEBUG] Channel Closed: [id: 0x22803cf4, L:/127.0.0.1:60745 ! R:localhost/127.0.0.1:60739] with attribute DISCARD
[DEBUG] Channel Closed: [id: 0x21b4badc, L:/127.0.0.1:60746 ! R:localhost/127.0.0.1:60739] with attribute NettyResponseFuture{currentRetry=0,
	isDone=1,
	isCancelled=0,
	asyncHandler=org.asynchttpclient.ws.WebSocketUpgradeHandler@65ab97c2,
	nettyRequest=org.asynchttpclient.netty.request.NettyRequest@56604432,
	future=java.util.concurrent.CompletableFuture@56a71f85[Completed normally],
	uri=ws://localhost:60739/devtools/browser/0e3a15b1-8fa7-4a06-8f31-1813ba04b1b1,
	keepAlive=true,
	redirectCount=0,
	timeoutsHolder=null,
	inAuth=0,
	touch=1671358839085}
[DEBUG] Closing Channel [id: 0x21b4badc, L:/127.0.0.1:60746 ! R:localhost/127.0.0.1:60739] 
[DEBUG] Using pooled Channel '[id: 0x7648e076, L:/127.0.0.1:60738 - R:localhost/127.0.0.1:53077]' for 'GET' to 'http://localhost:53077/session/67c1e4ea5c4201c13afc6e88f21aaec3/screenshot'
[DEBUG] Using open Channel [id: 0x7648e076, L:/127.0.0.1:60738 - R:localhost/127.0.0.1:53077] for GET '/session/67c1e4ea5c4201c13afc6e88f21aaec3/screenshot'
[DEBUG] 

Request DefaultFullHttpRequest(decodeResult: success, version: HTTP/1.1, content: EmptyByteBufBE)
GET /session/67c1e4ea5c4201c13afc6e88f21aaec3/screenshot HTTP/1.1
User-Agent: selenium/4.2.1 (java windows)
Cache-Control: no-cache
Content-Type: application/json; charset=utf-8
host: localhost:53077
accept: */*

Response DefaultHttpResponse(decodeResult: success, version: HTTP/1.1)
HTTP/1.1 404 Not Found
Content-Type: application/json; charset=utf-8
cache-control: no-cache
content-length: 907

[DEBUG] Adding key: http://localhost:53077 for channel [id: 0x7648e076, L:/127.0.0.1:60738 - R:localhost/127.0.0.1:53077]
]]></system-out>
    <system-err><![CDATA[Starting ChromeDriver 108.0.5359.71 (1e0e3868ee06e91ad636a874420e3ca3ae3756ac-refs/branch-heads/5359@{#1016}) on port 53077
Only local connections are allowed.
Please see https://chromedriver.chromium.org/security-considerations for suggestions on keeping ChromeDriver safe.
ChromeDriver was started successfully.
Dec 18, 2022 3:50:39 PM org.openqa.selenium.remote.ProtocolHandshake createSession
INFO: Detected upstream dialect: W3C
Dec 18, 2022 3:50:39 PM org.openqa.selenium.devtools.CdpVersionFinder findNearestMatch
WARNING: Unable to find an exact match for CDP version 108, so returning the closest version found: a no-op implementation
Dec 18, 2022 3:50:39 PM org.openqa.selenium.devtools.CdpVersionFinder findNearestMatch
INFO: Unable to find CDP implementation matching 108.
Dec 18, 2022 3:50:39 PM org.openqa.selenium.chromium.ChromiumDriver lambda$new$3
WARNING: Unable to find version of CDP to use for . You may need to include a dependency on a specific version of the CDP using something similar to `org.seleniumhq.selenium:selenium-devtools-v86:4.2.1` where the version ("v86") matches the version of the chromium-based browser you're using and the version number of the artifact is the same as Selenium's.
]]></system-err>
  </testcase>
  <testcase name="runScenario[&quot;Successful Login With Valid Credentials&quot;, &quot;Login&quot;](2)" classname="TestRunner.Runner" time="9.144">
    <system-out><![CDATA[ sanity  setup1  executed 
[DEBUG] Resolution chrome=108 in cache (valid until 16:50:37 18/12/2022 IST)
[DEBUG] Resolution chrome108=108.0.5359.71 in cache (valid until 14:35:03 19/12/2022 IST)
[INFO] Using chromedriver 108.0.5359.71 (resolved driver for Chrome 108)
[DEBUG] Driver chromedriver 108.0.5359.71 found in cache
[INFO] Exporting webdriver.chrome.driver as C:\Users\admin\.cache\selenium\chromedriver\win32\108.0.5359.71\chromedriver.exe
[DEBUG] Using new Channel '[id: 0x31aa9e54, L:/127.0.0.1:60762 - R:localhost/127.0.0.1:54442]' for 'POST' to '/session'
[DEBUG] Entry count for : http://localhost:60739 : 1
[DEBUG] Entry count for : http://localhost:53077 : 1
[DEBUG] Adding Candidate expired Channel [id: 0x22803cf4, L:/127.0.0.1:60745 ! R:localhost/127.0.0.1:60739] isIdleTimeoutExpired=false isRemotelyClosed=true isTtlExpired=false
[DEBUG] Closing Idle Channel [id: 0x22803cf4, L:/127.0.0.1:60745 ! R:localhost/127.0.0.1:60739]
[DEBUG] Closed 1 connections out of 2 in 1 ms
[DEBUG] 

Request DefaultHttpRequest(decodeResult: success, version: HTTP/1.1)
POST /session HTTP/1.1
User-Agent: selenium/4.2.1 (java windows)
Content-Length: 365
Content-Type: application/json; charset=utf-8
host: localhost:54442
accept: */*

Response DefaultHttpResponse(decodeResult: success, version: HTTP/1.1)
HTTP/1.1 200 OK
Content-Type: application/json; charset=utf-8
cache-control: no-cache
content-length: 791

[DEBUG] Adding key: http://localhost:54442 for channel [id: 0x31aa9e54, L:/127.0.0.1:60762 - R:localhost/127.0.0.1:54442]
[DEBUG] Using new Channel '[id: 0x0b9ae62b, L:/127.0.0.1:60769 - R:localhost/127.0.0.1:60763]' for 'GET' to '/json/version'
[DEBUG] 

Request DefaultFullHttpRequest(decodeResult: success, version: HTTP/1.1, content: EmptyByteBufBE)
GET /json/version HTTP/1.1
User-Agent: selenium/4.2.1 (java windows)
host: localhost:60763
accept: */*

Response DefaultHttpResponse(decodeResult: success, version: HTTP/1.1)
HTTP/1.1 200 OK
Content-Type: application/json; charset=UTF-8
content-length: 424

[DEBUG] Adding key: http://localhost:60763 for channel [id: 0x0b9ae62b, L:/127.0.0.1:60769 - R:localhost/127.0.0.1:60763]
[DEBUG] Using new Channel '[id: 0xa2596013, L:/127.0.0.1:60770 - R:localhost/127.0.0.1:60763]' for 'GET' to '/devtools/browser/b524d323-3678-4c84-a68c-4a1f6e89e9aa'
[DEBUG] 

Request DefaultFullHttpRequest(decodeResult: success, version: HTTP/1.1, content: EmptyByteBufBE)
GET /devtools/browser/b524d323-3678-4c84-a68c-4a1f6e89e9aa HTTP/1.1
upgrade: websocket
connection: upgrade
sec-websocket-key: W27sw4jVyMDI1SaMP68ihA==
sec-websocket-version: 13
origin: http://localhost:60763
host: localhost:60763
accept: */*
user-agent: AHC/2.1

Response DefaultHttpResponse(decodeResult: success, version: HTTP/1.1)
HTTP/1.1 101 WebSocket Protocol Handshake
Upgrade: WebSocket
Connection: Upgrade
Sec-WebSocket-Accept: 5ajZyi4SCua29fVJEhKFNfRpvbI=

[DEBUG] Using pooled Channel '[id: 0x31aa9e54, L:/127.0.0.1:60762 - R:localhost/127.0.0.1:54442]' for 'POST' to 'http://localhost:54442/session/1a680b8d3a29df072baa53e6363c52f4/timeouts'
[DEBUG] Using open Channel [id: 0x31aa9e54, L:/127.0.0.1:60762 - R:localhost/127.0.0.1:54442] for POST '/session/1a680b8d3a29df072baa53e6363c52f4/timeouts'
[DEBUG] 

Request DefaultHttpRequest(decodeResult: success, version: HTTP/1.1)
POST /session/1a680b8d3a29df072baa53e6363c52f4/timeouts HTTP/1.1
User-Agent: selenium/4.2.1 (java windows)
Content-Length: 22
Content-Type: application/json; charset=utf-8
host: localhost:54442
accept: */*

Response DefaultHttpResponse(decodeResult: success, version: HTTP/1.1)
HTTP/1.1 200 OK
Content-Type: application/json; charset=utf-8
cache-control: no-cache
content-length: 14

[DEBUG] Adding key: http://localhost:54442 for channel [id: 0x31aa9e54, L:/127.0.0.1:60762 - R:localhost/127.0.0.1:54442]
[INFO ] 2022-12-18 15:50:56.642 [main] Steps - *******************Setup1 executed**************************
[DEBUG] Using pooled Channel '[id: 0x31aa9e54, L:/127.0.0.1:60762 - R:localhost/127.0.0.1:54442]' for 'POST' to 'http://localhost:54442/session/1a680b8d3a29df072baa53e6363c52f4/url'
[DEBUG] Using open Channel [id: 0x31aa9e54, L:/127.0.0.1:60762 - R:localhost/127.0.0.1:54442] for POST '/session/1a680b8d3a29df072baa53e6363c52f4/url'
[DEBUG] Entry count for : http://localhost:53077 : 1
[DEBUG] Entry count for : http://localhost:60763 : 1
[DEBUG] 

Request DefaultHttpRequest(decodeResult: success, version: HTTP/1.1)
POST /session/1a680b8d3a29df072baa53e6363c52f4/url HTTP/1.1
User-Agent: selenium/4.2.1 (java windows)
Content-Length: 70
Content-Type: application/json; charset=utf-8
host: localhost:54442
accept: */*

Response DefaultHttpResponse(decodeResult: success, version: HTTP/1.1)
HTTP/1.1 200 OK
Content-Type: application/json; charset=utf-8
cache-control: no-cache
content-length: 14

[DEBUG] Adding key: http://localhost:54442 for channel [id: 0x31aa9e54, L:/127.0.0.1:60762 - R:localhost/127.0.0.1:54442]
[INFO ] 2022-12-18 15:50:57.895 [main] Steps - Url opened
[DEBUG] Using pooled Channel '[id: 0x31aa9e54, L:/127.0.0.1:60762 - R:localhost/127.0.0.1:54442]' for 'POST' to 'http://localhost:54442/session/1a680b8d3a29df072baa53e6363c52f4/element'
[DEBUG] Using open Channel [id: 0x31aa9e54, L:/127.0.0.1:60762 - R:localhost/127.0.0.1:54442] for POST '/session/1a680b8d3a29df072baa53e6363c52f4/element'
[DEBUG] 

Request DefaultHttpRequest(decodeResult: success, version: HTTP/1.1)
POST /session/1a680b8d3a29df072baa53e6363c52f4/element HTTP/1.1
User-Agent: selenium/4.2.1 (java windows)
Content-Length: 50
Content-Type: application/json; charset=utf-8
host: localhost:54442
accept: */*

Response DefaultHttpResponse(decodeResult: success, version: HTTP/1.1)
HTTP/1.1 200 OK
Content-Type: application/json; charset=utf-8
cache-control: no-cache
content-length: 88

[DEBUG] Adding key: http://localhost:54442 for channel [id: 0x31aa9e54, L:/127.0.0.1:60762 - R:localhost/127.0.0.1:54442]
[DEBUG] Using pooled Channel '[id: 0x31aa9e54, L:/127.0.0.1:60762 - R:localhost/127.0.0.1:54442]' for 'POST' to 'http://localhost:54442/session/1a680b8d3a29df072baa53e6363c52f4/element/b390b20c-c29b-45b3-a1dc-c38e8eaa0ff2/clear'
[DEBUG] Using open Channel [id: 0x31aa9e54, L:/127.0.0.1:60762 - R:localhost/127.0.0.1:54442] for POST '/session/1a680b8d3a29df072baa53e6363c52f4/element/b390b20c-c29b-45b3-a1dc-c38e8eaa0ff2/clear'
[DEBUG] 

Request DefaultHttpRequest(decodeResult: success, version: HTTP/1.1)
POST /session/1a680b8d3a29df072baa53e6363c52f4/element/b390b20c-c29b-45b3-a1dc-c38e8eaa0ff2/clear HTTP/1.1
User-Agent: selenium/4.2.1 (java windows)
Content-Length: 50
Content-Type: application/json; charset=utf-8
host: localhost:54442
accept: */*

Response DefaultHttpResponse(decodeResult: success, version: HTTP/1.1)
HTTP/1.1 200 OK
Content-Type: application/json; charset=utf-8
cache-control: no-cache
content-length: 14

[DEBUG] Adding key: http://localhost:54442 for channel [id: 0x31aa9e54, L:/127.0.0.1:60762 - R:localhost/127.0.0.1:54442]
[DEBUG] Using pooled Channel '[id: 0x31aa9e54, L:/127.0.0.1:60762 - R:localhost/127.0.0.1:54442]' for 'POST' to 'http://localhost:54442/session/1a680b8d3a29df072baa53e6363c52f4/element'
[DEBUG] Using open Channel [id: 0x31aa9e54, L:/127.0.0.1:60762 - R:localhost/127.0.0.1:54442] for POST '/session/1a680b8d3a29df072baa53e6363c52f4/element'
[DEBUG] 

Request DefaultHttpRequest(decodeResult: success, version: HTTP/1.1)
POST /session/1a680b8d3a29df072baa53e6363c52f4/element HTTP/1.1
User-Agent: selenium/4.2.1 (java windows)
Content-Length: 50
Content-Type: application/json; charset=utf-8
host: localhost:54442
accept: */*

Response DefaultHttpResponse(decodeResult: success, version: HTTP/1.1)
HTTP/1.1 200 OK
Content-Type: application/json; charset=utf-8
cache-control: no-cache
content-length: 88

[DEBUG] Adding key: http://localhost:54442 for channel [id: 0x31aa9e54, L:/127.0.0.1:60762 - R:localhost/127.0.0.1:54442]
[DEBUG] Using pooled Channel '[id: 0x31aa9e54, L:/127.0.0.1:60762 - R:localhost/127.0.0.1:54442]' for 'POST' to 'http://localhost:54442/session/1a680b8d3a29df072baa53e6363c52f4/element/b390b20c-c29b-45b3-a1dc-c38e8eaa0ff2/value'
[DEBUG] Using open Channel [id: 0x31aa9e54, L:/127.0.0.1:60762 - R:localhost/127.0.0.1:54442] for POST '/session/1a680b8d3a29df072baa53e6363c52f4/element/b390b20c-c29b-45b3-a1dc-c38e8eaa0ff2/value'
[DEBUG] 

Request DefaultHttpRequest(decodeResult: success, version: HTTP/1.1)
POST /session/1a680b8d3a29df072baa53e6363c52f4/element/b390b20c-c29b-45b3-a1dc-c38e8eaa0ff2/value HTTP/1.1
User-Agent: selenium/4.2.1 (java windows)
Content-Length: 271
Content-Type: application/json; charset=utf-8
host: localhost:54442
accept: */*

Response DefaultHttpResponse(decodeResult: success, version: HTTP/1.1)
HTTP/1.1 200 OK
Content-Type: application/json; charset=utf-8
cache-control: no-cache
content-length: 14

[DEBUG] Adding key: http://localhost:54442 for channel [id: 0x31aa9e54, L:/127.0.0.1:60762 - R:localhost/127.0.0.1:54442]
[DEBUG] Using pooled Channel '[id: 0x31aa9e54, L:/127.0.0.1:60762 - R:localhost/127.0.0.1:54442]' for 'POST' to 'http://localhost:54442/session/1a680b8d3a29df072baa53e6363c52f4/element'
[DEBUG] Using open Channel [id: 0x31aa9e54, L:/127.0.0.1:60762 - R:localhost/127.0.0.1:54442] for POST '/session/1a680b8d3a29df072baa53e6363c52f4/element'
[DEBUG] 

Request DefaultHttpRequest(decodeResult: success, version: HTTP/1.1)
POST /session/1a680b8d3a29df072baa53e6363c52f4/element HTTP/1.1
User-Agent: selenium/4.2.1 (java windows)
Content-Length: 53
Content-Type: application/json; charset=utf-8
host: localhost:54442
accept: */*

Response DefaultHttpResponse(decodeResult: success, version: HTTP/1.1)
HTTP/1.1 200 OK
Content-Type: application/json; charset=utf-8
cache-control: no-cache
content-length: 88

[DEBUG] Adding key: http://localhost:54442 for channel [id: 0x31aa9e54, L:/127.0.0.1:60762 - R:localhost/127.0.0.1:54442]
[DEBUG] Using pooled Channel '[id: 0x31aa9e54, L:/127.0.0.1:60762 - R:localhost/127.0.0.1:54442]' for 'POST' to 'http://localhost:54442/session/1a680b8d3a29df072baa53e6363c52f4/element/3e5ef4b9-2ca8-439e-bb35-37cc7c8b4386/clear'
[DEBUG] Using open Channel [id: 0x31aa9e54, L:/127.0.0.1:60762 - R:localhost/127.0.0.1:54442] for POST '/session/1a680b8d3a29df072baa53e6363c52f4/element/3e5ef4b9-2ca8-439e-bb35-37cc7c8b4386/clear'
[DEBUG] 

Request DefaultHttpRequest(decodeResult: success, version: HTTP/1.1)
POST /session/1a680b8d3a29df072baa53e6363c52f4/element/3e5ef4b9-2ca8-439e-bb35-37cc7c8b4386/clear HTTP/1.1
User-Agent: selenium/4.2.1 (java windows)
Content-Length: 50
Content-Type: application/json; charset=utf-8
host: localhost:54442
accept: */*

Response DefaultHttpResponse(decodeResult: success, version: HTTP/1.1)
HTTP/1.1 200 OK
Content-Type: application/json; charset=utf-8
cache-control: no-cache
content-length: 14

[DEBUG] Adding key: http://localhost:54442 for channel [id: 0x31aa9e54, L:/127.0.0.1:60762 - R:localhost/127.0.0.1:54442]
[DEBUG] Using pooled Channel '[id: 0x31aa9e54, L:/127.0.0.1:60762 - R:localhost/127.0.0.1:54442]' for 'POST' to 'http://localhost:54442/session/1a680b8d3a29df072baa53e6363c52f4/element'
[DEBUG] Using open Channel [id: 0x31aa9e54, L:/127.0.0.1:60762 - R:localhost/127.0.0.1:54442] for POST '/session/1a680b8d3a29df072baa53e6363c52f4/element'
[DEBUG] 

Request DefaultHttpRequest(decodeResult: success, version: HTTP/1.1)
POST /session/1a680b8d3a29df072baa53e6363c52f4/element HTTP/1.1
User-Agent: selenium/4.2.1 (java windows)
Content-Length: 53
Content-Type: application/json; charset=utf-8
host: localhost:54442
accept: */*

Response DefaultHttpResponse(decodeResult: success, version: HTTP/1.1)
HTTP/1.1 200 OK
Content-Type: application/json; charset=utf-8
cache-control: no-cache
content-length: 88

[DEBUG] Adding key: http://localhost:54442 for channel [id: 0x31aa9e54, L:/127.0.0.1:60762 - R:localhost/127.0.0.1:54442]
[DEBUG] Using pooled Channel '[id: 0x31aa9e54, L:/127.0.0.1:60762 - R:localhost/127.0.0.1:54442]' for 'POST' to 'http://localhost:54442/session/1a680b8d3a29df072baa53e6363c52f4/element/3e5ef4b9-2ca8-439e-bb35-37cc7c8b4386/value'
[DEBUG] Using open Channel [id: 0x31aa9e54, L:/127.0.0.1:60762 - R:localhost/127.0.0.1:54442] for POST '/session/1a680b8d3a29df072baa53e6363c52f4/element/3e5ef4b9-2ca8-439e-bb35-37cc7c8b4386/value'
[DEBUG] 

Request DefaultHttpRequest(decodeResult: success, version: HTTP/1.1)
POST /session/1a680b8d3a29df072baa53e6363c52f4/element/3e5ef4b9-2ca8-439e-bb35-37cc7c8b4386/value HTTP/1.1
User-Agent: selenium/4.2.1 (java windows)
Content-Length: 131
Content-Type: application/json; charset=utf-8
host: localhost:54442
accept: */*

Response DefaultHttpResponse(decodeResult: success, version: HTTP/1.1)
HTTP/1.1 200 OK
Content-Type: application/json; charset=utf-8
cache-control: no-cache
content-length: 14

[DEBUG] Adding key: http://localhost:54442 for channel [id: 0x31aa9e54, L:/127.0.0.1:60762 - R:localhost/127.0.0.1:54442]
[INFO ] 2022-12-18 15:50:58.102 [main] Steps - email & password entered
[DEBUG] Using pooled Channel '[id: 0x31aa9e54, L:/127.0.0.1:60762 - R:localhost/127.0.0.1:54442]' for 'POST' to 'http://localhost:54442/session/1a680b8d3a29df072baa53e6363c52f4/element'
[DEBUG] Using open Channel [id: 0x31aa9e54, L:/127.0.0.1:60762 - R:localhost/127.0.0.1:54442] for POST '/session/1a680b8d3a29df072baa53e6363c52f4/element'
[DEBUG] 

Request DefaultHttpRequest(decodeResult: success, version: HTTP/1.1)
POST /session/1a680b8d3a29df072baa53e6363c52f4/element HTTP/1.1
User-Agent: selenium/4.2.1 (java windows)
Content-Length: 87
Content-Type: application/json; charset=utf-8
host: localhost:54442
accept: */*

Response DefaultHttpResponse(decodeResult: success, version: HTTP/1.1)
HTTP/1.1 200 OK
Content-Type: application/json; charset=utf-8
cache-control: no-cache
content-length: 88

[DEBUG] Adding key: http://localhost:54442 for channel [id: 0x31aa9e54, L:/127.0.0.1:60762 - R:localhost/127.0.0.1:54442]
[DEBUG] Using pooled Channel '[id: 0x31aa9e54, L:/127.0.0.1:60762 - R:localhost/127.0.0.1:54442]' for 'POST' to 'http://localhost:54442/session/1a680b8d3a29df072baa53e6363c52f4/element/8b9b1e88-d813-4a48-98ee-f26db11971bc/click'
[DEBUG] Using open Channel [id: 0x31aa9e54, L:/127.0.0.1:60762 - R:localhost/127.0.0.1:54442] for POST '/session/1a680b8d3a29df072baa53e6363c52f4/element/8b9b1e88-d813-4a48-98ee-f26db11971bc/click'
[DEBUG] Entry count for : http://localhost:53077 : 1
[DEBUG] Entry count for : http://localhost:60763 : 1
[DEBUG] Entry count for : http://localhost:53077 : 1
[DEBUG] Entry count for : http://localhost:60763 : 1
[DEBUG] Entry count for : http://localhost:53077 : 1
[DEBUG] Entry count for : http://localhost:60763 : 1
[DEBUG] Entry count for : http://localhost:53077 : 1
[DEBUG] Entry count for : http://localhost:60763 : 1
[DEBUG] 

Request DefaultHttpRequest(decodeResult: success, version: HTTP/1.1)
POST /session/1a680b8d3a29df072baa53e6363c52f4/element/8b9b1e88-d813-4a48-98ee-f26db11971bc/click HTTP/1.1
User-Agent: selenium/4.2.1 (java windows)
Content-Length: 50
Content-Type: application/json; charset=utf-8
host: localhost:54442
accept: */*

Response DefaultHttpResponse(decodeResult: success, version: HTTP/1.1)
HTTP/1.1 200 OK
Content-Type: application/json; charset=utf-8
cache-control: no-cache
content-length: 14

[DEBUG] Adding key: http://localhost:54442 for channel [id: 0x31aa9e54, L:/127.0.0.1:60762 - R:localhost/127.0.0.1:54442]
[INFO ] 2022-12-18 15:51:01.909 [main] Steps - clciked on login button
[DEBUG] Using pooled Channel '[id: 0x31aa9e54, L:/127.0.0.1:60762 - R:localhost/127.0.0.1:54442]' for 'GET' to 'http://localhost:54442/session/1a680b8d3a29df072baa53e6363c52f4/title'
[DEBUG] Using open Channel [id: 0x31aa9e54, L:/127.0.0.1:60762 - R:localhost/127.0.0.1:54442] for GET '/session/1a680b8d3a29df072baa53e6363c52f4/title'
[DEBUG] 

Request DefaultFullHttpRequest(decodeResult: success, version: HTTP/1.1, content: EmptyByteBufBE)
GET /session/1a680b8d3a29df072baa53e6363c52f4/title HTTP/1.1
User-Agent: selenium/4.2.1 (java windows)
Cache-Control: no-cache
Content-Type: application/json; charset=utf-8
host: localhost:54442
accept: */*

Response DefaultHttpResponse(decodeResult: success, version: HTTP/1.1)
HTTP/1.1 200 OK
Content-Type: application/json; charset=utf-8
cache-control: no-cache
content-length: 50

[DEBUG] Adding key: http://localhost:54442 for channel [id: 0x31aa9e54, L:/127.0.0.1:60762 - R:localhost/127.0.0.1:54442]
[WARN ] 2022-12-18 15:51:01.916 [main] Steps - Test Passed: Login Feature: Page title matched
[DEBUG] Entry count for : http://localhost:53077 : 1
[DEBUG] Entry count for : http://localhost:54442 : 1
[DEBUG] Entry count for : http://localhost:60763 : 1
[DEBUG] Using pooled Channel '[id: 0x31aa9e54, L:/127.0.0.1:60762 - R:localhost/127.0.0.1:54442]' for 'POST' to 'http://localhost:54442/session/1a680b8d3a29df072baa53e6363c52f4/element'
[DEBUG] Using open Channel [id: 0x31aa9e54, L:/127.0.0.1:60762 - R:localhost/127.0.0.1:54442] for POST '/session/1a680b8d3a29df072baa53e6363c52f4/element'
[DEBUG] 

Request DefaultHttpRequest(decodeResult: success, version: HTTP/1.1)
POST /session/1a680b8d3a29df072baa53e6363c52f4/element HTTP/1.1
User-Agent: selenium/4.2.1 (java windows)
Content-Length: 47
Content-Type: application/json; charset=utf-8
host: localhost:54442
accept: */*

Response DefaultHttpResponse(decodeResult: success, version: HTTP/1.1)
HTTP/1.1 200 OK
Content-Type: application/json; charset=utf-8
cache-control: no-cache
content-length: 88

[DEBUG] Adding key: http://localhost:54442 for channel [id: 0x31aa9e54, L:/127.0.0.1:60762 - R:localhost/127.0.0.1:54442]
[DEBUG] Using pooled Channel '[id: 0x31aa9e54, L:/127.0.0.1:60762 - R:localhost/127.0.0.1:54442]' for 'POST' to 'http://localhost:54442/session/1a680b8d3a29df072baa53e6363c52f4/element/aacddbe8-579f-457f-b49c-7c9658d41406/click'
[DEBUG] Using open Channel [id: 0x31aa9e54, L:/127.0.0.1:60762 - R:localhost/127.0.0.1:54442] for POST '/session/1a680b8d3a29df072baa53e6363c52f4/element/aacddbe8-579f-457f-b49c-7c9658d41406/click'
[DEBUG] Entry count for : http://localhost:53077 : 1
[DEBUG] Entry count for : http://localhost:60763 : 1
[DEBUG] 

Request DefaultHttpRequest(decodeResult: success, version: HTTP/1.1)
POST /session/1a680b8d3a29df072baa53e6363c52f4/element/aacddbe8-579f-457f-b49c-7c9658d41406/click HTTP/1.1
User-Agent: selenium/4.2.1 (java windows)
Content-Length: 50
Content-Type: application/json; charset=utf-8
host: localhost:54442
accept: */*

Response DefaultHttpResponse(decodeResult: success, version: HTTP/1.1)
HTTP/1.1 200 OK
Content-Type: application/json; charset=utf-8
cache-control: no-cache
content-length: 14

[DEBUG] Adding key: http://localhost:54442 for channel [id: 0x31aa9e54, L:/127.0.0.1:60762 - R:localhost/127.0.0.1:54442]
[INFO ] 2022-12-18 15:51:04.797 [main] Steps - user clicked on logout link
[DEBUG] Using pooled Channel '[id: 0x31aa9e54, L:/127.0.0.1:60762 - R:localhost/127.0.0.1:54442]' for 'GET' to 'http://localhost:54442/session/1a680b8d3a29df072baa53e6363c52f4/title'
[DEBUG] Using open Channel [id: 0x31aa9e54, L:/127.0.0.1:60762 - R:localhost/127.0.0.1:54442] for GET '/session/1a680b8d3a29df072baa53e6363c52f4/title'
[DEBUG] 

Request DefaultFullHttpRequest(decodeResult: success, version: HTTP/1.1, content: EmptyByteBufBE)
GET /session/1a680b8d3a29df072baa53e6363c52f4/title HTTP/1.1
User-Agent: selenium/4.2.1 (java windows)
Cache-Control: no-cache
Content-Type: application/json; charset=utf-8
host: localhost:54442
accept: */*

Response DefaultHttpResponse(decodeResult: success, version: HTTP/1.1)
HTTP/1.1 200 OK
Content-Type: application/json; charset=utf-8
cache-control: no-cache
content-length: 29

[DEBUG] Adding key: http://localhost:54442 for channel [id: 0x31aa9e54, L:/127.0.0.1:60762 - R:localhost/127.0.0.1:54442]
[WARN ] 2022-12-18 15:51:04.810 [main] Steps - Test Passed: Login Feature: Page title matched
[INFO ] 2022-12-18 15:51:04.811 [main] Steps - ***********************browser closed************************
[DEBUG] Using pooled Channel '[id: 0x31aa9e54, L:/127.0.0.1:60762 - R:localhost/127.0.0.1:54442]' for 'DELETE' to 'http://localhost:54442/session/1a680b8d3a29df072baa53e6363c52f4/window'
[DEBUG] Using open Channel [id: 0x31aa9e54, L:/127.0.0.1:60762 - R:localhost/127.0.0.1:54442] for DELETE '/session/1a680b8d3a29df072baa53e6363c52f4/window'
[DEBUG] 

Request DefaultFullHttpRequest(decodeResult: success, version: HTTP/1.1, content: EmptyByteBufBE)
DELETE /session/1a680b8d3a29df072baa53e6363c52f4/window HTTP/1.1
User-Agent: selenium/4.2.1 (java windows)
Content-Type: application/json; charset=utf-8
host: localhost:54442
accept: */*

Response DefaultHttpResponse(decodeResult: success, version: HTTP/1.1)
HTTP/1.1 200 OK
Content-Type: application/json; charset=utf-8
cache-control: no-cache
content-length: 12

[DEBUG] Adding key: http://localhost:54442 for channel [id: 0x31aa9e54, L:/127.0.0.1:60762 - R:localhost/127.0.0.1:54442]
[DEBUG] Unexpected I/O exception on channel [id: 0xa2596013, L:/127.0.0.1:60770 - R:localhost/127.0.0.1:60763]
java.net.SocketException: Connection reset
	at java.base/sun.nio.ch.SocketChannelImpl.throwConnectionReset(SocketChannelImpl.java:394) ~[na:na]
	at java.base/sun.nio.ch.SocketChannelImpl.read(SocketChannelImpl.java:426) ~[na:na]
	at io.netty.buffer.PooledByteBuf.setBytes(PooledByteBuf.java:258) ~[netty-buffer-4.1.77.Final.jar:4.1.77.Final]
	at io.netty.buffer.AbstractByteBuf.writeBytes(AbstractByteBuf.java:1132) ~[netty-buffer-4.1.77.Final.jar:4.1.77.Final]
	at io.netty.channel.socket.nio.NioSocketChannel.doReadBytes(NioSocketChannel.java:357) ~[netty-transport-4.1.77.Final.jar:4.1.77.Final]
	at io.netty.channel.nio.AbstractNioByteChannel$NioByteUnsafe.read(AbstractNioByteChannel.java:151) ~[netty-transport-4.1.77.Final.jar:4.1.77.Final]
	at io.netty.channel.nio.NioEventLoop.processSelectedKey(NioEventLoop.java:722) ~[netty-transport-4.1.77.Final.jar:4.1.77.Final]
	at io.netty.channel.nio.NioEventLoop.processSelectedKeysOptimized(NioEventLoop.java:658) ~[netty-transport-4.1.77.Final.jar:4.1.77.Final]
	at io.netty.channel.nio.NioEventLoop.processSelectedKeys(NioEventLoop.java:584) ~[netty-transport-4.1.77.Final.jar:4.1.77.Final]
	at io.netty.channel.nio.NioEventLoop.run(NioEventLoop.java:496) ~[netty-transport-4.1.77.Final.jar:4.1.77.Final]
	at io.netty.util.concurrent.SingleThreadEventExecutor$4.run(SingleThreadEventExecutor.java:995) ~[netty-common-4.1.77.Final.jar:4.1.77.Final]
	at io.netty.util.internal.ThreadExecutorMap$2.run(ThreadExecutorMap.java:74) ~[netty-common-4.1.77.Final.jar:4.1.77.Final]
	at io.netty.util.concurrent.FastThreadLocalRunnable.run(FastThreadLocalRunnable.java:30) ~[netty-common-4.1.77.Final.jar:4.1.77.Final]
	at java.base/java.lang.Thread.run(Thread.java:833) ~[na:na]
[DEBUG] Unexpected I/O exception on channel [id: 0x0b9ae62b, L:/127.0.0.1:60769 - R:localhost/127.0.0.1:60763]
java.net.SocketException: Connection reset
	at java.base/sun.nio.ch.SocketChannelImpl.throwConnectionReset(SocketChannelImpl.java:394) ~[na:na]
	at java.base/sun.nio.ch.SocketChannelImpl.read(SocketChannelImpl.java:426) ~[na:na]
	at io.netty.buffer.PooledByteBuf.setBytes(PooledByteBuf.java:258) ~[netty-buffer-4.1.77.Final.jar:4.1.77.Final]
	at io.netty.buffer.AbstractByteBuf.writeBytes(AbstractByteBuf.java:1132) ~[netty-buffer-4.1.77.Final.jar:4.1.77.Final]
	at io.netty.channel.socket.nio.NioSocketChannel.doReadBytes(NioSocketChannel.java:357) ~[netty-transport-4.1.77.Final.jar:4.1.77.Final]
	at io.netty.channel.nio.AbstractNioByteChannel$NioByteUnsafe.read(AbstractNioByteChannel.java:151) ~[netty-transport-4.1.77.Final.jar:4.1.77.Final]
	at io.netty.channel.nio.NioEventLoop.processSelectedKey(NioEventLoop.java:722) ~[netty-transport-4.1.77.Final.jar:4.1.77.Final]
	at io.netty.channel.nio.NioEventLoop.processSelectedKeysOptimized(NioEventLoop.java:658) ~[netty-transport-4.1.77.Final.jar:4.1.77.Final]
	at io.netty.channel.nio.NioEventLoop.processSelectedKeys(NioEventLoop.java:584) ~[netty-transport-4.1.77.Final.jar:4.1.77.Final]
	at io.netty.channel.nio.NioEventLoop.run(NioEventLoop.java:496) ~[netty-transport-4.1.77.Final.jar:4.1.77.Final]
	at io.netty.util.concurrent.SingleThreadEventExecutor$4.run(SingleThreadEventExecutor.java:995) ~[netty-common-4.1.77.Final.jar:4.1.77.Final]
	at io.netty.util.internal.ThreadExecutorMap$2.run(ThreadExecutorMap.java:74) ~[netty-common-4.1.77.Final.jar:4.1.77.Final]
	at io.netty.util.concurrent.FastThreadLocalRunnable.run(FastThreadLocalRunnable.java:30) ~[netty-common-4.1.77.Final.jar:4.1.77.Final]
	at java.base/java.lang.Thread.run(Thread.java:833) ~[na:na]
[DEBUG] Closing Channel [id: 0x0b9ae62b, L:/127.0.0.1:60769 - R:localhost/127.0.0.1:60763] 
[DEBUG] Was unable to recover Future: NettyResponseFuture{currentRetry=0,
	isDone=1,
	isCancelled=0,
	asyncHandler=org.asynchttpclient.ws.WebSocketUpgradeHandler@2079a8b2,
	nettyRequest=org.asynchttpclient.netty.request.NettyRequest@7a8670ff,
	future=java.util.concurrent.CompletableFuture@7bcc4f85[Completed normally],
	uri=ws://localhost:60763/devtools/browser/b524d323-3678-4c84-a68c-4a1f6e89e9aa,
	keepAlive=true,
	redirectCount=0,
	timeoutsHolder=null,
	inAuth=0,
	touch=1671358864860}
[DEBUG] Closing Channel [id: 0xa2596013, L:/127.0.0.1:60770 - R:localhost/127.0.0.1:60763] 
[WARN] onError
java.net.SocketException: Connection reset
	at java.base/sun.nio.ch.SocketChannelImpl.throwConnectionReset(SocketChannelImpl.java:394) ~[na:na]
	at java.base/sun.nio.ch.SocketChannelImpl.read(SocketChannelImpl.java:426) ~[na:na]
	at io.netty.buffer.PooledByteBuf.setBytes(PooledByteBuf.java:258) ~[netty-buffer-4.1.77.Final.jar:4.1.77.Final]
	at io.netty.buffer.AbstractByteBuf.writeBytes(AbstractByteBuf.java:1132) ~[netty-buffer-4.1.77.Final.jar:4.1.77.Final]
	at io.netty.channel.socket.nio.NioSocketChannel.doReadBytes(NioSocketChannel.java:357) ~[netty-transport-4.1.77.Final.jar:4.1.77.Final]
	at io.netty.channel.nio.AbstractNioByteChannel$NioByteUnsafe.read(AbstractNioByteChannel.java:151) ~[netty-transport-4.1.77.Final.jar:4.1.77.Final]
	at io.netty.channel.nio.NioEventLoop.processSelectedKey(NioEventLoop.java:722) ~[netty-transport-4.1.77.Final.jar:4.1.77.Final]
	at io.netty.channel.nio.NioEventLoop.processSelectedKeysOptimized(NioEventLoop.java:658) ~[netty-transport-4.1.77.Final.jar:4.1.77.Final]
	at io.netty.channel.nio.NioEventLoop.processSelectedKeys(NioEventLoop.java:584) ~[netty-transport-4.1.77.Final.jar:4.1.77.Final]
	at io.netty.channel.nio.NioEventLoop.run(NioEventLoop.java:496) ~[netty-transport-4.1.77.Final.jar:4.1.77.Final]
	at io.netty.util.concurrent.SingleThreadEventExecutor$4.run(SingleThreadEventExecutor.java:995) ~[netty-common-4.1.77.Final.jar:4.1.77.Final]
	at io.netty.util.internal.ThreadExecutorMap$2.run(ThreadExecutorMap.java:74) ~[netty-common-4.1.77.Final.jar:4.1.77.Final]
	at io.netty.util.concurrent.FastThreadLocalRunnable.run(FastThreadLocalRunnable.java:30) ~[netty-common-4.1.77.Final.jar:4.1.77.Final]
	at java.base/java.lang.Thread.run(Thread.java:833) ~[na:na]
[DEBUG] Channel Closed: [id: 0x0b9ae62b, L:/127.0.0.1:60769 ! R:localhost/127.0.0.1:60763] with attribute DISCARD
[DEBUG] Closing Channel [id: 0xa2596013, L:/127.0.0.1:60770 ! R:localhost/127.0.0.1:60763] 
[DEBUG] Channel Closed: [id: 0xa2596013, L:/127.0.0.1:60770 ! R:localhost/127.0.0.1:60763] with attribute DISCARD
[DEBUG] Using pooled Channel '[id: 0x31aa9e54, L:/127.0.0.1:60762 - R:localhost/127.0.0.1:54442]' for 'DELETE' to 'http://localhost:54442/session/1a680b8d3a29df072baa53e6363c52f4'
[DEBUG] Using open Channel [id: 0x31aa9e54, L:/127.0.0.1:60762 - R:localhost/127.0.0.1:54442] for DELETE '/session/1a680b8d3a29df072baa53e6363c52f4'
[DEBUG] 

Request DefaultFullHttpRequest(decodeResult: success, version: HTTP/1.1, content: EmptyByteBufBE)
DELETE /session/1a680b8d3a29df072baa53e6363c52f4 HTTP/1.1
User-Agent: selenium/4.2.1 (java windows)
Content-Type: application/json; charset=utf-8
host: localhost:54442
accept: */*

Response DefaultHttpResponse(decodeResult: success, version: HTTP/1.1)
HTTP/1.1 200 OK
Content-Type: application/json; charset=utf-8
cache-control: no-cache
content-length: 14

[DEBUG] Adding key: http://localhost:54442 for channel [id: 0x31aa9e54, L:/127.0.0.1:60762 - R:localhost/127.0.0.1:54442]
[DEBUG] Channel Closed: [id: 0x31aa9e54, L:/127.0.0.1:60762 ! R:localhost/127.0.0.1:54442] with attribute DISCARD
]]></system-out>
    <system-err><![CDATA[Starting ChromeDriver 108.0.5359.71 (1e0e3868ee06e91ad636a874420e3ca3ae3756ac-refs/branch-heads/5359@{#1016}) on port 54442
Only local connections are allowed.
Please see https://chromedriver.chromium.org/security-considerations for suggestions on keeping ChromeDriver safe.
ChromeDriver was started successfully.
Dec 18, 2022 3:50:56 PM org.openqa.selenium.remote.ProtocolHandshake createSession
INFO: Detected upstream dialect: W3C
Dec 18, 2022 3:50:56 PM org.openqa.selenium.devtools.CdpVersionFinder findNearestMatch
WARNING: Unable to find an exact match for CDP version 108, so returning the closest version found: a no-op implementation
Dec 18, 2022 3:50:56 PM org.openqa.selenium.devtools.CdpVersionFinder findNearestMatch
INFO: Unable to find CDP implementation matching 108.
Dec 18, 2022 3:50:56 PM org.openqa.selenium.chromium.ChromiumDriver lambda$new$3
WARNING: Unable to find version of CDP to use for . You may need to include a dependency on a specific version of the CDP using something similar to `org.seleniumhq.selenium:selenium-devtools-v86:4.2.1` where the version ("v86") matches the version of the chromium-based browser you're using and the version number of the artifact is the same as Selenium's.
Dec 18, 2022 3:51:04 PM org.openqa.selenium.remote.http.WebSocket$Listener onError
WARNING: Connection reset
java.net.SocketException: Connection reset
	at java.base/sun.nio.ch.SocketChannelImpl.throwConnectionReset(SocketChannelImpl.java:394)
	at java.base/sun.nio.ch.SocketChannelImpl.read(SocketChannelImpl.java:426)
	at io.netty.buffer.PooledByteBuf.setBytes(PooledByteBuf.java:258)
	at io.netty.buffer.AbstractByteBuf.writeBytes(AbstractByteBuf.java:1132)
	at io.netty.channel.socket.nio.NioSocketChannel.doReadBytes(NioSocketChannel.java:357)
	at io.netty.channel.nio.AbstractNioByteChannel$NioByteUnsafe.read(AbstractNioByteChannel.java:151)
	at io.netty.channel.nio.NioEventLoop.processSelectedKey(NioEventLoop.java:722)
	at io.netty.channel.nio.NioEventLoop.processSelectedKeysOptimized(NioEventLoop.java:658)
	at io.netty.channel.nio.NioEventLoop.processSelectedKeys(NioEventLoop.java:584)
	at io.netty.channel.nio.NioEventLoop.run(NioEventLoop.java:496)
	at io.netty.util.concurrent.SingleThreadEventExecutor$4.run(SingleThreadEventExecutor.java:995)
	at io.netty.util.internal.ThreadExecutorMap$2.run(ThreadExecutorMap.java:74)
	at io.netty.util.concurrent.FastThreadLocalRunnable.run(FastThreadLocalRunnable.java:30)
	at java.base/java.lang.Thread.run(Thread.java:833)

]]></system-err>
  </testcase>
</testsuite>